Copyright 1986-2018 Xilinx, Inc. All Rights Reserved.
-----------------------------------------------------------------------------------------------------------------------------------------------------------------------------------------
| Tool Version : Vivado v.2018.2 (lin64) Build 2258646 Thu Jun 14 20:02:38 MDT 2018
| Date         : Fri Jul 12 10:28:50 2019
| Host         : xuzhenyu-pc running 64-bit Ubuntu 18.04.2 LTS
| Command      : report_timing_summary -max_paths 10 -file lenet5_timing_summary_routed.rpt -pb lenet5_timing_summary_routed.pb -rpx lenet5_timing_summary_routed.rpx -warn_on_violation
| Design       : lenet5
| Device       : 7a100t-csg324
| Speed File   : -1  PRODUCTION 1.22 2018-03-21
-----------------------------------------------------------------------------------------------------------------------------------------------------------------------------------------

Timing Summary Report

------------------------------------------------------------------------------------------------
| Timer Settings
| --------------
------------------------------------------------------------------------------------------------

  Enable Multi Corner Analysis               :  Yes
  Enable Pessimism Removal                   :  Yes
  Pessimism Removal Resolution               :  Nearest Common Node
  Enable Input Delay Default Clock           :  No
  Enable Preset / Clear Arcs                 :  No
  Disable Flight Delays                      :  No
  Ignore I/O Paths                           :  No
  Timing Early Launch at Borrowing Latches   :  false

  Corner  Analyze    Analyze    
  Name    Max Paths  Min Paths  
  ------  ---------  ---------  
  Slow    Yes        Yes        
  Fast    Yes        Yes        



check_timing report

Table of Contents
-----------------
1. checking no_clock
2. checking constant_clock
3. checking pulse_width_clock
4. checking unconstrained_internal_endpoints
5. checking no_input_delay
6. checking no_output_delay
7. checking multiple_clock
8. checking generated_clocks
9. checking loops
10. checking partial_input_delay
11. checking partial_output_delay
12. checking latch_loops

1. checking no_clock
--------------------
 There are 0 register/latch pins with no clock.


2. checking constant_clock
--------------------------
 There are 0 register/latch pins with constant_clock.


3. checking pulse_width_clock
-----------------------------
 There are 0 register/latch pins which need pulse_width check


4. checking unconstrained_internal_endpoints
--------------------------------------------
 There are 0 pins that are not constrained for maximum delay.

 There are 0 pins that are not constrained for maximum delay due to constant clock.


5. checking no_input_delay
--------------------------
 There are 4 input ports with no input delay specified. (HIGH)

 There are 0 input ports with no input delay but user has a false path constraint.


6. checking no_output_delay
---------------------------
 There are 2 ports with no output delay specified. (HIGH)

 There are 0 ports with no output delay but user has a false path constraint

 There are 0 ports with no output delay but with a timing clock defined on it or propagating through it


7. checking multiple_clock
--------------------------
 There are 0 register/latch pins with multiple clocks.


8. checking generated_clocks
----------------------------
 There are 0 generated clocks that are not connected to a clock source.


9. checking loops
-----------------
 There are 0 combinational loops in the design.


10. checking partial_input_delay
--------------------------------
 There are 0 input ports with partial input delay specified.


11. checking partial_output_delay
---------------------------------
 There are 0 ports with partial output delay specified.


12. checking latch_loops
------------------------
 There are 0 combinational latch loops in the design through latch input



------------------------------------------------------------------------------------------------
| Design Timing Summary
| ---------------------
------------------------------------------------------------------------------------------------

    WNS(ns)      TNS(ns)  TNS Failing Endpoints  TNS Total Endpoints      WHS(ns)      THS(ns)  THS Failing Endpoints  THS Total Endpoints     WPWS(ns)     TPWS(ns)  TPWS Failing Endpoints  TPWS Total Endpoints  
    -------      -------  ---------------------  -------------------      -------      -------  ---------------------  -------------------     --------     --------  ----------------------  --------------------  
     35.471        0.000                      0                 1135        0.136        0.000                      0                 1135       19.020        0.000                       0                   472  


All user specified timing constraints are met.


------------------------------------------------------------------------------------------------
| Clock Summary
| -------------
------------------------------------------------------------------------------------------------

Clock   Waveform(ns)       Period(ns)      Frequency(MHz)
-----   ------------       ----------      --------------
ap_clk  {0.000 20.000}     40.000          25.000          


------------------------------------------------------------------------------------------------
| Intra Clock Table
| -----------------
------------------------------------------------------------------------------------------------

Clock             WNS(ns)      TNS(ns)  TNS Failing Endpoints  TNS Total Endpoints      WHS(ns)      THS(ns)  THS Failing Endpoints  THS Total Endpoints     WPWS(ns)     TPWS(ns)  TPWS Failing Endpoints  TPWS Total Endpoints  
-----             -------      -------  ---------------------  -------------------      -------      -------  ---------------------  -------------------     --------     --------  ----------------------  --------------------  
ap_clk             35.471        0.000                      0                 1135        0.136        0.000                      0                 1135       19.020        0.000                       0                   472  


------------------------------------------------------------------------------------------------
| Inter Clock Table
| -----------------
------------------------------------------------------------------------------------------------

From Clock    To Clock          WNS(ns)      TNS(ns)  TNS Failing Endpoints  TNS Total Endpoints      WHS(ns)      THS(ns)  THS Failing Endpoints  THS Total Endpoints  
----------    --------          -------      -------  ---------------------  -------------------      -------      -------  ---------------------  -------------------  


------------------------------------------------------------------------------------------------
| Other Path Groups Table
| -----------------------
------------------------------------------------------------------------------------------------

Path Group    From Clock    To Clock          WNS(ns)      TNS(ns)  TNS Failing Endpoints  TNS Total Endpoints      WHS(ns)      THS(ns)  THS Failing Endpoints  THS Total Endpoints  
----------    ----------    --------          -------      -------  ---------------------  -------------------      -------      -------  ---------------------  -------------------  


------------------------------------------------------------------------------------------------
| Timing Details
| --------------
------------------------------------------------------------------------------------------------


---------------------------------------------------------------------------------------------------
From Clock:  ap_clk
  To Clock:  ap_clk

Setup :            0  Failing Endpoints,  Worst Slack       35.471ns,  Total Violation        0.000ns
Hold  :            0  Failing Endpoints,  Worst Slack        0.136ns,  Total Violation        0.000ns
PW    :            0  Failing Endpoints,  Worst Slack       19.020ns,  Total Violation        0.000ns
---------------------------------------------------------------------------------------------------


Max Delay Paths
--------------------------------------------------------------------------------------
Slack (MET) :             35.471ns  (required time - arrival time)
  Source:                 k_22_reg_744_reg[2]/C
                            (rising edge-triggered cell FDRE clocked by ap_clk  {rise@0.000ns fall@20.000ns period=40.000ns})
  Destination:            k_22_reg_744_reg[0]/R
                            (rising edge-triggered cell FDRE clocked by ap_clk  {rise@0.000ns fall@20.000ns period=40.000ns})
  Path Group:             ap_clk
  Path Type:              Setup (Max at Slow Process Corner)
  Requirement:            40.000ns  (ap_clk rise@40.000ns - ap_clk rise@0.000ns)
  Data Path Delay:        3.921ns  (logic 1.147ns (29.255%)  route 2.774ns (70.745%))
  Logic Levels:           2  (LUT4=1 LUT5=1)
  Clock Path Skew:        -0.049ns (DCD - SCD + CPR)
    Destination Clock Delay (DCD):    0.924ns = ( 40.924 - 40.000 ) 
    Source Clock Delay      (SCD):    0.973ns
    Clock Pessimism Removal (CPR):    0.000ns
  Clock Uncertainty:      0.035ns  ((TSJ^2 + TIJ^2)^1/2 + DJ) / 2 + PE
    Total System Jitter     (TSJ):    0.071ns
    Total Input Jitter      (TIJ):    0.000ns
    Discrete Jitter          (DJ):    0.000ns
    Phase Error              (PE):    0.000ns

    Location             Delay type                Incr(ns)  Path(ns)    Netlist Resource(s)
  -------------------------------------------------------------------    -------------------
                         (clock ap_clk rise edge)     0.000     0.000 r  
                                                      0.000     0.000 r  ap_clk (IN)
                         net (fo=471, unset)          0.973     0.973    ap_clk
    SLICE_X34Y45         FDRE                                         r  k_22_reg_744_reg[2]/C
  -------------------------------------------------------------------    -------------------
    SLICE_X34Y45         FDRE (Prop_fdre_C_Q)         0.478     1.451 f  k_22_reg_744_reg[2]/Q
                         net (fo=6, routed)           1.066     2.517    k_22_reg_744_reg__0[2]
    SLICE_X34Y45         LUT4 (Prop_lut4_I3_O)        0.321     2.838 f  ap_CS_fsm[51]_i_3/O
                         net (fo=3, routed)           1.129     3.967    ap_CS_fsm[51]_i_3_n_0
    SLICE_X34Y45         LUT5 (Prop_lut5_I4_O)        0.348     4.315 r  k_22_reg_744[3]_i_1/O
                         net (fo=4, routed)           0.578     4.894    k_22_reg_744
    SLICE_X34Y44         FDRE                                         r  k_22_reg_744_reg[0]/R
  -------------------------------------------------------------------    -------------------

                         (clock ap_clk rise edge)    40.000    40.000 r  
                                                      0.000    40.000 r  ap_clk (IN)
                         net (fo=471, unset)          0.924    40.924    ap_clk
    SLICE_X34Y44         FDRE                                         r  k_22_reg_744_reg[0]/C
                         clock pessimism              0.000    40.924    
                         clock uncertainty           -0.035    40.889    
    SLICE_X34Y44         FDRE (Setup_fdre_C_R)       -0.524    40.365    k_22_reg_744_reg[0]
  -------------------------------------------------------------------
                         required time                         40.365    
                         arrival time                          -4.894    
  -------------------------------------------------------------------
                         slack                                 35.471    

Slack (MET) :             35.520ns  (required time - arrival time)
  Source:                 k_22_reg_744_reg[2]/C
                            (rising edge-triggered cell FDRE clocked by ap_clk  {rise@0.000ns fall@20.000ns period=40.000ns})
  Destination:            k_22_reg_744_reg[1]/R
                            (rising edge-triggered cell FDRE clocked by ap_clk  {rise@0.000ns fall@20.000ns period=40.000ns})
  Path Group:             ap_clk
  Path Type:              Setup (Max at Slow Process Corner)
  Requirement:            40.000ns  (ap_clk rise@40.000ns - ap_clk rise@0.000ns)
  Data Path Delay:        3.872ns  (logic 1.147ns (29.625%)  route 2.725ns (70.375%))
  Logic Levels:           2  (LUT4=1 LUT5=1)
  Clock Path Skew:        -0.049ns (DCD - SCD + CPR)
    Destination Clock Delay (DCD):    0.924ns = ( 40.924 - 40.000 ) 
    Source Clock Delay      (SCD):    0.973ns
    Clock Pessimism Removal (CPR):    0.000ns
  Clock Uncertainty:      0.035ns  ((TSJ^2 + TIJ^2)^1/2 + DJ) / 2 + PE
    Total System Jitter     (TSJ):    0.071ns
    Total Input Jitter      (TIJ):    0.000ns
    Discrete Jitter          (DJ):    0.000ns
    Phase Error              (PE):    0.000ns

    Location             Delay type                Incr(ns)  Path(ns)    Netlist Resource(s)
  -------------------------------------------------------------------    -------------------
                         (clock ap_clk rise edge)     0.000     0.000 r  
                                                      0.000     0.000 r  ap_clk (IN)
                         net (fo=471, unset)          0.973     0.973    ap_clk
    SLICE_X34Y45         FDRE                                         r  k_22_reg_744_reg[2]/C
  -------------------------------------------------------------------    -------------------
    SLICE_X34Y45         FDRE (Prop_fdre_C_Q)         0.478     1.451 f  k_22_reg_744_reg[2]/Q
                         net (fo=6, routed)           1.066     2.517    k_22_reg_744_reg__0[2]
    SLICE_X34Y45         LUT4 (Prop_lut4_I3_O)        0.321     2.838 f  ap_CS_fsm[51]_i_3/O
                         net (fo=3, routed)           1.129     3.967    ap_CS_fsm[51]_i_3_n_0
    SLICE_X34Y45         LUT5 (Prop_lut5_I4_O)        0.348     4.315 r  k_22_reg_744[3]_i_1/O
                         net (fo=4, routed)           0.529     4.845    k_22_reg_744
    SLICE_X34Y45         FDRE                                         r  k_22_reg_744_reg[1]/R
  -------------------------------------------------------------------    -------------------

                         (clock ap_clk rise edge)    40.000    40.000 r  
                                                      0.000    40.000 r  ap_clk (IN)
                         net (fo=471, unset)          0.924    40.924    ap_clk
    SLICE_X34Y45         FDRE                                         r  k_22_reg_744_reg[1]/C
                         clock pessimism              0.000    40.924    
                         clock uncertainty           -0.035    40.889    
    SLICE_X34Y45         FDRE (Setup_fdre_C_R)       -0.524    40.365    k_22_reg_744_reg[1]
  -------------------------------------------------------------------
                         required time                         40.365    
                         arrival time                          -4.845    
  -------------------------------------------------------------------
                         slack                                 35.520    

Slack (MET) :             35.520ns  (required time - arrival time)
  Source:                 k_22_reg_744_reg[2]/C
                            (rising edge-triggered cell FDRE clocked by ap_clk  {rise@0.000ns fall@20.000ns period=40.000ns})
  Destination:            k_22_reg_744_reg[2]/R
                            (rising edge-triggered cell FDRE clocked by ap_clk  {rise@0.000ns fall@20.000ns period=40.000ns})
  Path Group:             ap_clk
  Path Type:              Setup (Max at Slow Process Corner)
  Requirement:            40.000ns  (ap_clk rise@40.000ns - ap_clk rise@0.000ns)
  Data Path Delay:        3.872ns  (logic 1.147ns (29.625%)  route 2.725ns (70.375%))
  Logic Levels:           2  (LUT4=1 LUT5=1)
  Clock Path Skew:        -0.049ns (DCD - SCD + CPR)
    Destination Clock Delay (DCD):    0.924ns = ( 40.924 - 40.000 ) 
    Source Clock Delay      (SCD):    0.973ns
    Clock Pessimism Removal (CPR):    0.000ns
  Clock Uncertainty:      0.035ns  ((TSJ^2 + TIJ^2)^1/2 + DJ) / 2 + PE
    Total System Jitter     (TSJ):    0.071ns
    Total Input Jitter      (TIJ):    0.000ns
    Discrete Jitter          (DJ):    0.000ns
    Phase Error              (PE):    0.000ns

    Location             Delay type                Incr(ns)  Path(ns)    Netlist Resource(s)
  -------------------------------------------------------------------    -------------------
                         (clock ap_clk rise edge)     0.000     0.000 r  
                                                      0.000     0.000 r  ap_clk (IN)
                         net (fo=471, unset)          0.973     0.973    ap_clk
    SLICE_X34Y45         FDRE                                         r  k_22_reg_744_reg[2]/C
  -------------------------------------------------------------------    -------------------
    SLICE_X34Y45         FDRE (Prop_fdre_C_Q)         0.478     1.451 f  k_22_reg_744_reg[2]/Q
                         net (fo=6, routed)           1.066     2.517    k_22_reg_744_reg__0[2]
    SLICE_X34Y45         LUT4 (Prop_lut4_I3_O)        0.321     2.838 f  ap_CS_fsm[51]_i_3/O
                         net (fo=3, routed)           1.129     3.967    ap_CS_fsm[51]_i_3_n_0
    SLICE_X34Y45         LUT5 (Prop_lut5_I4_O)        0.348     4.315 r  k_22_reg_744[3]_i_1/O
                         net (fo=4, routed)           0.529     4.845    k_22_reg_744
    SLICE_X34Y45         FDRE                                         r  k_22_reg_744_reg[2]/R
  -------------------------------------------------------------------    -------------------

                         (clock ap_clk rise edge)    40.000    40.000 r  
                                                      0.000    40.000 r  ap_clk (IN)
                         net (fo=471, unset)          0.924    40.924    ap_clk
    SLICE_X34Y45         FDRE                                         r  k_22_reg_744_reg[2]/C
                         clock pessimism              0.000    40.924    
                         clock uncertainty           -0.035    40.889    
    SLICE_X34Y45         FDRE (Setup_fdre_C_R)       -0.524    40.365    k_22_reg_744_reg[2]
  -------------------------------------------------------------------
                         required time                         40.365    
                         arrival time                          -4.845    
  -------------------------------------------------------------------
                         slack                                 35.520    

Slack (MET) :             35.520ns  (required time - arrival time)
  Source:                 k_22_reg_744_reg[2]/C
                            (rising edge-triggered cell FDRE clocked by ap_clk  {rise@0.000ns fall@20.000ns period=40.000ns})
  Destination:            k_22_reg_744_reg[3]/R
                            (rising edge-triggered cell FDRE clocked by ap_clk  {rise@0.000ns fall@20.000ns period=40.000ns})
  Path Group:             ap_clk
  Path Type:              Setup (Max at Slow Process Corner)
  Requirement:            40.000ns  (ap_clk rise@40.000ns - ap_clk rise@0.000ns)
  Data Path Delay:        3.872ns  (logic 1.147ns (29.625%)  route 2.725ns (70.375%))
  Logic Levels:           2  (LUT4=1 LUT5=1)
  Clock Path Skew:        -0.049ns (DCD - SCD + CPR)
    Destination Clock Delay (DCD):    0.924ns = ( 40.924 - 40.000 ) 
    Source Clock Delay      (SCD):    0.973ns
    Clock Pessimism Removal (CPR):    0.000ns
  Clock Uncertainty:      0.035ns  ((TSJ^2 + TIJ^2)^1/2 + DJ) / 2 + PE
    Total System Jitter     (TSJ):    0.071ns
    Total Input Jitter      (TIJ):    0.000ns
    Discrete Jitter          (DJ):    0.000ns
    Phase Error              (PE):    0.000ns

    Location             Delay type                Incr(ns)  Path(ns)    Netlist Resource(s)
  -------------------------------------------------------------------    -------------------
                         (clock ap_clk rise edge)     0.000     0.000 r  
                                                      0.000     0.000 r  ap_clk (IN)
                         net (fo=471, unset)          0.973     0.973    ap_clk
    SLICE_X34Y45         FDRE                                         r  k_22_reg_744_reg[2]/C
  -------------------------------------------------------------------    -------------------
    SLICE_X34Y45         FDRE (Prop_fdre_C_Q)         0.478     1.451 f  k_22_reg_744_reg[2]/Q
                         net (fo=6, routed)           1.066     2.517    k_22_reg_744_reg__0[2]
    SLICE_X34Y45         LUT4 (Prop_lut4_I3_O)        0.321     2.838 f  ap_CS_fsm[51]_i_3/O
                         net (fo=3, routed)           1.129     3.967    ap_CS_fsm[51]_i_3_n_0
    SLICE_X34Y45         LUT5 (Prop_lut5_I4_O)        0.348     4.315 r  k_22_reg_744[3]_i_1/O
                         net (fo=4, routed)           0.529     4.845    k_22_reg_744
    SLICE_X34Y45         FDRE                                         r  k_22_reg_744_reg[3]/R
  -------------------------------------------------------------------    -------------------

                         (clock ap_clk rise edge)    40.000    40.000 r  
                                                      0.000    40.000 r  ap_clk (IN)
                         net (fo=471, unset)          0.924    40.924    ap_clk
    SLICE_X34Y45         FDRE                                         r  k_22_reg_744_reg[3]/C
                         clock pessimism              0.000    40.924    
                         clock uncertainty           -0.035    40.889    
    SLICE_X34Y45         FDRE (Setup_fdre_C_R)       -0.524    40.365    k_22_reg_744_reg[3]
  -------------------------------------------------------------------
                         required time                         40.365    
                         arrival time                          -4.845    
  -------------------------------------------------------------------
                         slack                                 35.520    

Slack (MET) :             35.618ns  (required time - arrival time)
  Source:                 j_16_reg_601_reg[4]/C
                            (rising edge-triggered cell FDRE clocked by ap_clk  {rise@0.000ns fall@20.000ns period=40.000ns})
  Destination:            k_16_reg_612_reg[0]/R
                            (rising edge-triggered cell FDRE clocked by ap_clk  {rise@0.000ns fall@20.000ns period=40.000ns})
  Path Group:             ap_clk
  Path Type:              Setup (Max at Slow Process Corner)
  Requirement:            40.000ns  (ap_clk rise@40.000ns - ap_clk rise@0.000ns)
  Data Path Delay:        3.774ns  (logic 1.133ns (30.022%)  route 2.641ns (69.978%))
  Logic Levels:           2  (LUT5=2)
  Clock Path Skew:        -0.049ns (DCD - SCD + CPR)
    Destination Clock Delay (DCD):    0.924ns = ( 40.924 - 40.000 ) 
    Source Clock Delay      (SCD):    0.973ns
    Clock Pessimism Removal (CPR):    0.000ns
  Clock Uncertainty:      0.035ns  ((TSJ^2 + TIJ^2)^1/2 + DJ) / 2 + PE
    Total System Jitter     (TSJ):    0.071ns
    Total Input Jitter      (TIJ):    0.000ns
    Discrete Jitter          (DJ):    0.000ns
    Phase Error              (PE):    0.000ns

    Location             Delay type                Incr(ns)  Path(ns)    Netlist Resource(s)
  -------------------------------------------------------------------    -------------------
                         (clock ap_clk rise edge)     0.000     0.000 r  
                                                      0.000     0.000 r  ap_clk (IN)
                         net (fo=471, unset)          0.973     0.973    ap_clk
    SLICE_X30Y47         FDRE                                         r  j_16_reg_601_reg[4]/C
  -------------------------------------------------------------------    -------------------
    SLICE_X30Y47         FDRE (Prop_fdre_C_Q)         0.478     1.451 f  j_16_reg_601_reg[4]/Q
                         net (fo=3, routed)           0.699     2.150    j_16_reg_601_reg_n_0_[4]
    SLICE_X30Y47         LUT5 (Prop_lut5_I3_O)        0.327     2.477 r  ap_CS_fsm[41]_i_2/O
                         net (fo=3, routed)           1.413     3.890    ap_CS_fsm[41]_i_2_n_0
    SLICE_X30Y50         LUT5 (Prop_lut5_I1_O)        0.328     4.218 r  k_16_reg_612[3]_i_1/O
                         net (fo=4, routed)           0.529     4.747    k_16_reg_612
    SLICE_X30Y50         FDRE                                         r  k_16_reg_612_reg[0]/R
  -------------------------------------------------------------------    -------------------

                         (clock ap_clk rise edge)    40.000    40.000 r  
                                                      0.000    40.000 r  ap_clk (IN)
                         net (fo=471, unset)          0.924    40.924    ap_clk
    SLICE_X30Y50         FDRE                                         r  k_16_reg_612_reg[0]/C
                         clock pessimism              0.000    40.924    
                         clock uncertainty           -0.035    40.889    
    SLICE_X30Y50         FDRE (Setup_fdre_C_R)       -0.524    40.365    k_16_reg_612_reg[0]
  -------------------------------------------------------------------
                         required time                         40.365    
                         arrival time                          -4.747    
  -------------------------------------------------------------------
                         slack                                 35.618    

Slack (MET) :             35.618ns  (required time - arrival time)
  Source:                 j_16_reg_601_reg[4]/C
                            (rising edge-triggered cell FDRE clocked by ap_clk  {rise@0.000ns fall@20.000ns period=40.000ns})
  Destination:            k_16_reg_612_reg[1]/R
                            (rising edge-triggered cell FDRE clocked by ap_clk  {rise@0.000ns fall@20.000ns period=40.000ns})
  Path Group:             ap_clk
  Path Type:              Setup (Max at Slow Process Corner)
  Requirement:            40.000ns  (ap_clk rise@40.000ns - ap_clk rise@0.000ns)
  Data Path Delay:        3.774ns  (logic 1.133ns (30.022%)  route 2.641ns (69.978%))
  Logic Levels:           2  (LUT5=2)
  Clock Path Skew:        -0.049ns (DCD - SCD + CPR)
    Destination Clock Delay (DCD):    0.924ns = ( 40.924 - 40.000 ) 
    Source Clock Delay      (SCD):    0.973ns
    Clock Pessimism Removal (CPR):    0.000ns
  Clock Uncertainty:      0.035ns  ((TSJ^2 + TIJ^2)^1/2 + DJ) / 2 + PE
    Total System Jitter     (TSJ):    0.071ns
    Total Input Jitter      (TIJ):    0.000ns
    Discrete Jitter          (DJ):    0.000ns
    Phase Error              (PE):    0.000ns

    Location             Delay type                Incr(ns)  Path(ns)    Netlist Resource(s)
  -------------------------------------------------------------------    -------------------
                         (clock ap_clk rise edge)     0.000     0.000 r  
                                                      0.000     0.000 r  ap_clk (IN)
                         net (fo=471, unset)          0.973     0.973    ap_clk
    SLICE_X30Y47         FDRE                                         r  j_16_reg_601_reg[4]/C
  -------------------------------------------------------------------    -------------------
    SLICE_X30Y47         FDRE (Prop_fdre_C_Q)         0.478     1.451 f  j_16_reg_601_reg[4]/Q
                         net (fo=3, routed)           0.699     2.150    j_16_reg_601_reg_n_0_[4]
    SLICE_X30Y47         LUT5 (Prop_lut5_I3_O)        0.327     2.477 r  ap_CS_fsm[41]_i_2/O
                         net (fo=3, routed)           1.413     3.890    ap_CS_fsm[41]_i_2_n_0
    SLICE_X30Y50         LUT5 (Prop_lut5_I1_O)        0.328     4.218 r  k_16_reg_612[3]_i_1/O
                         net (fo=4, routed)           0.529     4.747    k_16_reg_612
    SLICE_X30Y50         FDRE                                         r  k_16_reg_612_reg[1]/R
  -------------------------------------------------------------------    -------------------

                         (clock ap_clk rise edge)    40.000    40.000 r  
                                                      0.000    40.000 r  ap_clk (IN)
                         net (fo=471, unset)          0.924    40.924    ap_clk
    SLICE_X30Y50         FDRE                                         r  k_16_reg_612_reg[1]/C
                         clock pessimism              0.000    40.924    
                         clock uncertainty           -0.035    40.889    
    SLICE_X30Y50         FDRE (Setup_fdre_C_R)       -0.524    40.365    k_16_reg_612_reg[1]
  -------------------------------------------------------------------
                         required time                         40.365    
                         arrival time                          -4.747    
  -------------------------------------------------------------------
                         slack                                 35.618    

Slack (MET) :             35.618ns  (required time - arrival time)
  Source:                 j_16_reg_601_reg[4]/C
                            (rising edge-triggered cell FDRE clocked by ap_clk  {rise@0.000ns fall@20.000ns period=40.000ns})
  Destination:            k_16_reg_612_reg[2]/R
                            (rising edge-triggered cell FDRE clocked by ap_clk  {rise@0.000ns fall@20.000ns period=40.000ns})
  Path Group:             ap_clk
  Path Type:              Setup (Max at Slow Process Corner)
  Requirement:            40.000ns  (ap_clk rise@40.000ns - ap_clk rise@0.000ns)
  Data Path Delay:        3.774ns  (logic 1.133ns (30.022%)  route 2.641ns (69.978%))
  Logic Levels:           2  (LUT5=2)
  Clock Path Skew:        -0.049ns (DCD - SCD + CPR)
    Destination Clock Delay (DCD):    0.924ns = ( 40.924 - 40.000 ) 
    Source Clock Delay      (SCD):    0.973ns
    Clock Pessimism Removal (CPR):    0.000ns
  Clock Uncertainty:      0.035ns  ((TSJ^2 + TIJ^2)^1/2 + DJ) / 2 + PE
    Total System Jitter     (TSJ):    0.071ns
    Total Input Jitter      (TIJ):    0.000ns
    Discrete Jitter          (DJ):    0.000ns
    Phase Error              (PE):    0.000ns

    Location             Delay type                Incr(ns)  Path(ns)    Netlist Resource(s)
  -------------------------------------------------------------------    -------------------
                         (clock ap_clk rise edge)     0.000     0.000 r  
                                                      0.000     0.000 r  ap_clk (IN)
                         net (fo=471, unset)          0.973     0.973    ap_clk
    SLICE_X30Y47         FDRE                                         r  j_16_reg_601_reg[4]/C
  -------------------------------------------------------------------    -------------------
    SLICE_X30Y47         FDRE (Prop_fdre_C_Q)         0.478     1.451 f  j_16_reg_601_reg[4]/Q
                         net (fo=3, routed)           0.699     2.150    j_16_reg_601_reg_n_0_[4]
    SLICE_X30Y47         LUT5 (Prop_lut5_I3_O)        0.327     2.477 r  ap_CS_fsm[41]_i_2/O
                         net (fo=3, routed)           1.413     3.890    ap_CS_fsm[41]_i_2_n_0
    SLICE_X30Y50         LUT5 (Prop_lut5_I1_O)        0.328     4.218 r  k_16_reg_612[3]_i_1/O
                         net (fo=4, routed)           0.529     4.747    k_16_reg_612
    SLICE_X30Y50         FDRE                                         r  k_16_reg_612_reg[2]/R
  -------------------------------------------------------------------    -------------------

                         (clock ap_clk rise edge)    40.000    40.000 r  
                                                      0.000    40.000 r  ap_clk (IN)
                         net (fo=471, unset)          0.924    40.924    ap_clk
    SLICE_X30Y50         FDRE                                         r  k_16_reg_612_reg[2]/C
                         clock pessimism              0.000    40.924    
                         clock uncertainty           -0.035    40.889    
    SLICE_X30Y50         FDRE (Setup_fdre_C_R)       -0.524    40.365    k_16_reg_612_reg[2]
  -------------------------------------------------------------------
                         required time                         40.365    
                         arrival time                          -4.747    
  -------------------------------------------------------------------
                         slack                                 35.618    

Slack (MET) :             35.618ns  (required time - arrival time)
  Source:                 j_16_reg_601_reg[4]/C
                            (rising edge-triggered cell FDRE clocked by ap_clk  {rise@0.000ns fall@20.000ns period=40.000ns})
  Destination:            k_16_reg_612_reg[3]/R
                            (rising edge-triggered cell FDRE clocked by ap_clk  {rise@0.000ns fall@20.000ns period=40.000ns})
  Path Group:             ap_clk
  Path Type:              Setup (Max at Slow Process Corner)
  Requirement:            40.000ns  (ap_clk rise@40.000ns - ap_clk rise@0.000ns)
  Data Path Delay:        3.774ns  (logic 1.133ns (30.022%)  route 2.641ns (69.978%))
  Logic Levels:           2  (LUT5=2)
  Clock Path Skew:        -0.049ns (DCD - SCD + CPR)
    Destination Clock Delay (DCD):    0.924ns = ( 40.924 - 40.000 ) 
    Source Clock Delay      (SCD):    0.973ns
    Clock Pessimism Removal (CPR):    0.000ns
  Clock Uncertainty:      0.035ns  ((TSJ^2 + TIJ^2)^1/2 + DJ) / 2 + PE
    Total System Jitter     (TSJ):    0.071ns
    Total Input Jitter      (TIJ):    0.000ns
    Discrete Jitter          (DJ):    0.000ns
    Phase Error              (PE):    0.000ns

    Location             Delay type                Incr(ns)  Path(ns)    Netlist Resource(s)
  -------------------------------------------------------------------    -------------------
                         (clock ap_clk rise edge)     0.000     0.000 r  
                                                      0.000     0.000 r  ap_clk (IN)
                         net (fo=471, unset)          0.973     0.973    ap_clk
    SLICE_X30Y47         FDRE                                         r  j_16_reg_601_reg[4]/C
  -------------------------------------------------------------------    -------------------
    SLICE_X30Y47         FDRE (Prop_fdre_C_Q)         0.478     1.451 f  j_16_reg_601_reg[4]/Q
                         net (fo=3, routed)           0.699     2.150    j_16_reg_601_reg_n_0_[4]
    SLICE_X30Y47         LUT5 (Prop_lut5_I3_O)        0.327     2.477 r  ap_CS_fsm[41]_i_2/O
                         net (fo=3, routed)           1.413     3.890    ap_CS_fsm[41]_i_2_n_0
    SLICE_X30Y50         LUT5 (Prop_lut5_I1_O)        0.328     4.218 r  k_16_reg_612[3]_i_1/O
                         net (fo=4, routed)           0.529     4.747    k_16_reg_612
    SLICE_X30Y50         FDRE                                         r  k_16_reg_612_reg[3]/R
  -------------------------------------------------------------------    -------------------

                         (clock ap_clk rise edge)    40.000    40.000 r  
                                                      0.000    40.000 r  ap_clk (IN)
                         net (fo=471, unset)          0.924    40.924    ap_clk
    SLICE_X30Y50         FDRE                                         r  k_16_reg_612_reg[3]/C
                         clock pessimism              0.000    40.924    
                         clock uncertainty           -0.035    40.889    
    SLICE_X30Y50         FDRE (Setup_fdre_C_R)       -0.524    40.365    k_16_reg_612_reg[3]
  -------------------------------------------------------------------
                         required time                         40.365    
                         arrival time                          -4.747    
  -------------------------------------------------------------------
                         slack                                 35.618    

Slack (MET) :             35.665ns  (required time - arrival time)
  Source:                 k_27_reg_854_reg[2]/C
                            (rising edge-triggered cell FDRE clocked by ap_clk  {rise@0.000ns fall@20.000ns period=40.000ns})
  Destination:            j_27_reg_843_reg[0]/R
                            (rising edge-triggered cell FDRE clocked by ap_clk  {rise@0.000ns fall@20.000ns period=40.000ns})
  Path Group:             ap_clk
  Path Type:              Setup (Max at Slow Process Corner)
  Requirement:            40.000ns  (ap_clk rise@40.000ns - ap_clk rise@0.000ns)
  Data Path Delay:        3.727ns  (logic 1.078ns (28.923%)  route 2.649ns (71.077%))
  Logic Levels:           2  (LUT4=2)
  Clock Path Skew:        -0.049ns (DCD - SCD + CPR)
    Destination Clock Delay (DCD):    0.924ns = ( 40.924 - 40.000 ) 
    Source Clock Delay      (SCD):    0.973ns
    Clock Pessimism Removal (CPR):    0.000ns
  Clock Uncertainty:      0.035ns  ((TSJ^2 + TIJ^2)^1/2 + DJ) / 2 + PE
    Total System Jitter     (TSJ):    0.071ns
    Total Input Jitter      (TIJ):    0.000ns
    Discrete Jitter          (DJ):    0.000ns
    Phase Error              (PE):    0.000ns

    Location             Delay type                Incr(ns)  Path(ns)    Netlist Resource(s)
  -------------------------------------------------------------------    -------------------
                         (clock ap_clk rise edge)     0.000     0.000 r  
                                                      0.000     0.000 r  ap_clk (IN)
                         net (fo=471, unset)          0.973     0.973    ap_clk
    SLICE_X32Y44         FDRE                                         r  k_27_reg_854_reg[2]/C
  -------------------------------------------------------------------    -------------------
    SLICE_X32Y44         FDRE (Prop_fdre_C_Q)         0.419     1.392 r  k_27_reg_854_reg[2]/Q
                         net (fo=6, routed)           1.091     2.483    k_27_reg_854_reg__0[2]
    SLICE_X32Y44         LUT4 (Prop_lut4_I3_O)        0.327     2.810 r  ap_CS_fsm[61]_i_3/O
                         net (fo=3, routed)           0.973     3.783    ap_CS_fsm[61]_i_3_n_0
    SLICE_X31Y43         LUT4 (Prop_lut4_I1_O)        0.332     4.115 r  j_27_reg_843[4]_i_1/O
                         net (fo=5, routed)           0.585     4.700    j_27_reg_843
    SLICE_X30Y42         FDRE                                         r  j_27_reg_843_reg[0]/R
  -------------------------------------------------------------------    -------------------

                         (clock ap_clk rise edge)    40.000    40.000 r  
                                                      0.000    40.000 r  ap_clk (IN)
                         net (fo=471, unset)          0.924    40.924    ap_clk
    SLICE_X30Y42         FDRE                                         r  j_27_reg_843_reg[0]/C
                         clock pessimism              0.000    40.924    
                         clock uncertainty           -0.035    40.889    
    SLICE_X30Y42         FDRE (Setup_fdre_C_R)       -0.524    40.365    j_27_reg_843_reg[0]
  -------------------------------------------------------------------
                         required time                         40.365    
                         arrival time                          -4.700    
  -------------------------------------------------------------------
                         slack                                 35.665    

Slack (MET) :             35.727ns  (required time - arrival time)
  Source:                 j_23_reg_755_reg[1]/C
                            (rising edge-triggered cell FDRE clocked by ap_clk  {rise@0.000ns fall@20.000ns period=40.000ns})
  Destination:            k_23_reg_766_reg[1]/R
                            (rising edge-triggered cell FDRE clocked by ap_clk  {rise@0.000ns fall@20.000ns period=40.000ns})
  Path Group:             ap_clk
  Path Type:              Setup (Max at Slow Process Corner)
  Requirement:            40.000ns  (ap_clk rise@40.000ns - ap_clk rise@0.000ns)
  Data Path Delay:        3.760ns  (logic 0.940ns (24.999%)  route 2.820ns (75.001%))
  Logic Levels:           2  (LUT5=2)
  Clock Path Skew:        -0.049ns (DCD - SCD + CPR)
    Destination Clock Delay (DCD):    0.924ns = ( 40.924 - 40.000 ) 
    Source Clock Delay      (SCD):    0.973ns
    Clock Pessimism Removal (CPR):    0.000ns
  Clock Uncertainty:      0.035ns  ((TSJ^2 + TIJ^2)^1/2 + DJ) / 2 + PE
    Total System Jitter     (TSJ):    0.071ns
    Total Input Jitter      (TIJ):    0.000ns
    Discrete Jitter          (DJ):    0.000ns
    Phase Error              (PE):    0.000ns

    Location             Delay type                Incr(ns)  Path(ns)    Netlist Resource(s)
  -------------------------------------------------------------------    -------------------
                         (clock ap_clk rise edge)     0.000     0.000 r  
                                                      0.000     0.000 r  ap_clk (IN)
                         net (fo=471, unset)          0.973     0.973    ap_clk
    SLICE_X39Y44         FDRE                                         r  j_23_reg_755_reg[1]/C
  -------------------------------------------------------------------    -------------------
    SLICE_X39Y44         FDRE (Prop_fdre_C_Q)         0.456     1.429 r  j_23_reg_755_reg[1]/Q
                         net (fo=6, routed)           0.984     2.413    j_23_reg_755_reg_n_0_[1]
    SLICE_X38Y44         LUT5 (Prop_lut5_I4_O)        0.153     2.566 r  ap_CS_fsm[55]_i_2/O
                         net (fo=3, routed)           0.985     3.552    ap_CS_fsm[55]_i_2_n_0
    SLICE_X36Y44         LUT5 (Prop_lut5_I1_O)        0.331     3.883 r  k_23_reg_766[3]_i_1/O
                         net (fo=4, routed)           0.850     4.733    k_23_reg_766
    SLICE_X36Y44         FDRE                                         r  k_23_reg_766_reg[1]/R
  -------------------------------------------------------------------    -------------------

                         (clock ap_clk rise edge)    40.000    40.000 r  
                                                      0.000    40.000 r  ap_clk (IN)
                         net (fo=471, unset)          0.924    40.924    ap_clk
    SLICE_X36Y44         FDRE                                         r  k_23_reg_766_reg[1]/C
                         clock pessimism              0.000    40.924    
                         clock uncertainty           -0.035    40.889    
    SLICE_X36Y44         FDRE (Setup_fdre_C_R)       -0.429    40.460    k_23_reg_766_reg[1]
  -------------------------------------------------------------------
                         required time                         40.460    
                         arrival time                          -4.733    
  -------------------------------------------------------------------
                         slack                                 35.727    





Min Delay Paths
--------------------------------------------------------------------------------------
Slack (MET) :             0.136ns  (arrival time - required time)
  Source:                 j_7_reg_403_reg[0]/C
                            (rising edge-triggered cell FDRE clocked by ap_clk  {rise@0.000ns fall@20.000ns period=40.000ns})
  Destination:            j_1_7_reg_1777_reg[1]/D
                            (rising edge-triggered cell FDRE clocked by ap_clk  {rise@0.000ns fall@20.000ns period=40.000ns})
  Path Group:             ap_clk
  Path Type:              Hold (Min at Fast Process Corner)
  Requirement:            0.000ns  (ap_clk rise@0.000ns - ap_clk rise@0.000ns)
  Data Path Delay:        0.288ns  (logic 0.189ns (65.571%)  route 0.099ns (34.429%))
  Logic Levels:           1  (LUT2=1)
  Clock Path Skew:        0.022ns (DCD - SCD - CPR)
    Destination Clock Delay (DCD):    0.432ns
    Source Clock Delay      (SCD):    0.410ns
    Clock Pessimism Removal (CPR):    -0.000ns

    Location             Delay type                Incr(ns)  Path(ns)    Netlist Resource(s)
  -------------------------------------------------------------------    -------------------
                         (clock ap_clk rise edge)     0.000     0.000 r  
                                                      0.000     0.000 r  ap_clk (IN)
                         net (fo=471, unset)          0.410     0.410    ap_clk
    SLICE_X15Y45         FDRE                                         r  j_7_reg_403_reg[0]/C
  -------------------------------------------------------------------    -------------------
    SLICE_X15Y45         FDRE (Prop_fdre_C_Q)         0.141     0.551 r  j_7_reg_403_reg[0]/Q
                         net (fo=7, routed)           0.099     0.650    j_7_reg_403_reg_n_0_[0]
    SLICE_X14Y45         LUT2 (Prop_lut2_I0_O)        0.048     0.698 r  j_1_7_reg_1777[1]_i_1/O
                         net (fo=1, routed)           0.000     0.698    j_1_7_fu_1105_p2[1]
    SLICE_X14Y45         FDRE                                         r  j_1_7_reg_1777_reg[1]/D
  -------------------------------------------------------------------    -------------------

                         (clock ap_clk rise edge)     0.000     0.000 r  
                                                      0.000     0.000 r  ap_clk (IN)
                         net (fo=471, unset)          0.432     0.432    ap_clk
    SLICE_X14Y45         FDRE                                         r  j_1_7_reg_1777_reg[1]/C
                         clock pessimism              0.000     0.432    
    SLICE_X14Y45         FDRE (Hold_fdre_C_D)         0.131     0.563    j_1_7_reg_1777_reg[1]
  -------------------------------------------------------------------
                         required time                         -0.563    
                         arrival time                           0.698    
  -------------------------------------------------------------------
                         slack                                  0.136    

Slack (MET) :             0.144ns  (arrival time - required time)
  Source:                 j_7_reg_403_reg[0]/C
                            (rising edge-triggered cell FDRE clocked by ap_clk  {rise@0.000ns fall@20.000ns period=40.000ns})
  Destination:            j_1_7_reg_1777_reg[0]/D
                            (rising edge-triggered cell FDRE clocked by ap_clk  {rise@0.000ns fall@20.000ns period=40.000ns})
  Path Group:             ap_clk
  Path Type:              Hold (Min at Fast Process Corner)
  Requirement:            0.000ns  (ap_clk rise@0.000ns - ap_clk rise@0.000ns)
  Data Path Delay:        0.285ns  (logic 0.186ns (65.209%)  route 0.099ns (34.791%))
  Logic Levels:           1  (LUT1=1)
  Clock Path Skew:        0.022ns (DCD - SCD - CPR)
    Destination Clock Delay (DCD):    0.432ns
    Source Clock Delay      (SCD):    0.410ns
    Clock Pessimism Removal (CPR):    -0.000ns

    Location             Delay type                Incr(ns)  Path(ns)    Netlist Resource(s)
  -------------------------------------------------------------------    -------------------
                         (clock ap_clk rise edge)     0.000     0.000 r  
                                                      0.000     0.000 r  ap_clk (IN)
                         net (fo=471, unset)          0.410     0.410    ap_clk
    SLICE_X15Y45         FDRE                                         r  j_7_reg_403_reg[0]/C
  -------------------------------------------------------------------    -------------------
    SLICE_X15Y45         FDRE (Prop_fdre_C_Q)         0.141     0.551 f  j_7_reg_403_reg[0]/Q
                         net (fo=7, routed)           0.099     0.650    j_7_reg_403_reg_n_0_[0]
    SLICE_X14Y45         LUT1 (Prop_lut1_I0_O)        0.045     0.695 r  j_1_7_reg_1777[0]_i_1/O
                         net (fo=1, routed)           0.000     0.695    j_1_7_fu_1105_p2[0]
    SLICE_X14Y45         FDRE                                         r  j_1_7_reg_1777_reg[0]/D
  -------------------------------------------------------------------    -------------------

                         (clock ap_clk rise edge)     0.000     0.000 r  
                                                      0.000     0.000 r  ap_clk (IN)
                         net (fo=471, unset)          0.432     0.432    ap_clk
    SLICE_X14Y45         FDRE                                         r  j_1_7_reg_1777_reg[0]/C
                         clock pessimism              0.000     0.432    
    SLICE_X14Y45         FDRE (Hold_fdre_C_D)         0.120     0.552    j_1_7_reg_1777_reg[0]
  -------------------------------------------------------------------
                         required time                         -0.552    
                         arrival time                           0.695    
  -------------------------------------------------------------------
                         slack                                  0.144    

Slack (MET) :             0.148ns  (arrival time - required time)
  Source:                 j_8_reg_425_reg[0]/C
                            (rising edge-triggered cell FDRE clocked by ap_clk  {rise@0.000ns fall@20.000ns period=40.000ns})
  Destination:            j_1_8_reg_1793_reg[1]/D
                            (rising edge-triggered cell FDRE clocked by ap_clk  {rise@0.000ns fall@20.000ns period=40.000ns})
  Path Group:             ap_clk
  Path Type:              Hold (Min at Fast Process Corner)
  Requirement:            0.000ns  (ap_clk rise@0.000ns - ap_clk rise@0.000ns)
  Data Path Delay:        0.300ns  (logic 0.189ns (62.908%)  route 0.111ns (37.092%))
  Logic Levels:           1  (LUT2=1)
  Clock Path Skew:        0.022ns (DCD - SCD - CPR)
    Destination Clock Delay (DCD):    0.432ns
    Source Clock Delay      (SCD):    0.410ns
    Clock Pessimism Removal (CPR):    -0.000ns

    Location             Delay type                Incr(ns)  Path(ns)    Netlist Resource(s)
  -------------------------------------------------------------------    -------------------
                         (clock ap_clk rise edge)     0.000     0.000 r  
                                                      0.000     0.000 r  ap_clk (IN)
                         net (fo=471, unset)          0.410     0.410    ap_clk
    SLICE_X15Y43         FDRE                                         r  j_8_reg_425_reg[0]/C
  -------------------------------------------------------------------    -------------------
    SLICE_X15Y43         FDRE (Prop_fdre_C_Q)         0.141     0.551 r  j_8_reg_425_reg[0]/Q
                         net (fo=7, routed)           0.111     0.663    j_8_reg_425_reg_n_0_[0]
    SLICE_X14Y43         LUT2 (Prop_lut2_I0_O)        0.048     0.711 r  j_1_8_reg_1793[1]_i_1/O
                         net (fo=1, routed)           0.000     0.711    j_1_8_fu_1129_p2[1]
    SLICE_X14Y43         FDRE                                         r  j_1_8_reg_1793_reg[1]/D
  -------------------------------------------------------------------    -------------------

                         (clock ap_clk rise edge)     0.000     0.000 r  
                                                      0.000     0.000 r  ap_clk (IN)
                         net (fo=471, unset)          0.432     0.432    ap_clk
    SLICE_X14Y43         FDRE                                         r  j_1_8_reg_1793_reg[1]/C
                         clock pessimism              0.000     0.432    
    SLICE_X14Y43         FDRE (Hold_fdre_C_D)         0.131     0.563    j_1_8_reg_1793_reg[1]
  -------------------------------------------------------------------
                         required time                         -0.563    
                         arrival time                           0.711    
  -------------------------------------------------------------------
                         slack                                  0.148    

Slack (MET) :             0.150ns  (arrival time - required time)
  Source:                 j_1_s_reg_1825_reg[3]/C
                            (rising edge-triggered cell FDRE clocked by ap_clk  {rise@0.000ns fall@20.000ns period=40.000ns})
  Destination:            j_10_reg_469_reg[3]/D
                            (rising edge-triggered cell FDRE clocked by ap_clk  {rise@0.000ns fall@20.000ns period=40.000ns})
  Path Group:             ap_clk
  Path Type:              Hold (Min at Fast Process Corner)
  Requirement:            0.000ns  (ap_clk rise@0.000ns - ap_clk rise@0.000ns)
  Data Path Delay:        0.190ns  (logic 0.128ns (67.295%)  route 0.062ns (32.705%))
  Logic Levels:           0  
  Clock Path Skew:        0.022ns (DCD - SCD - CPR)
    Destination Clock Delay (DCD):    0.432ns
    Source Clock Delay      (SCD):    0.410ns
    Clock Pessimism Removal (CPR):    -0.000ns

    Location             Delay type                Incr(ns)  Path(ns)    Netlist Resource(s)
  -------------------------------------------------------------------    -------------------
                         (clock ap_clk rise edge)     0.000     0.000 r  
                                                      0.000     0.000 r  ap_clk (IN)
                         net (fo=471, unset)          0.410     0.410    ap_clk
    SLICE_X19Y44         FDRE                                         r  j_1_s_reg_1825_reg[3]/C
  -------------------------------------------------------------------    -------------------
    SLICE_X19Y44         FDRE (Prop_fdre_C_Q)         0.128     0.538 r  j_1_s_reg_1825_reg[3]/Q
                         net (fo=1, routed)           0.062     0.600    j_1_s_reg_1825[3]
    SLICE_X18Y44         FDRE                                         r  j_10_reg_469_reg[3]/D
  -------------------------------------------------------------------    -------------------

                         (clock ap_clk rise edge)     0.000     0.000 r  
                                                      0.000     0.000 r  ap_clk (IN)
                         net (fo=471, unset)          0.432     0.432    ap_clk
    SLICE_X18Y44         FDRE                                         r  j_10_reg_469_reg[3]/C
                         clock pessimism              0.000     0.432    
    SLICE_X18Y44         FDRE (Hold_fdre_C_D)         0.019     0.451    j_10_reg_469_reg[3]
  -------------------------------------------------------------------
                         required time                         -0.451    
                         arrival time                           0.600    
  -------------------------------------------------------------------
                         slack                                  0.150    

Slack (MET) :             0.150ns  (arrival time - required time)
  Source:                 j_1_10_reg_1841_reg[3]/C
                            (rising edge-triggered cell FDRE clocked by ap_clk  {rise@0.000ns fall@20.000ns period=40.000ns})
  Destination:            j_11_reg_491_reg[3]/D
                            (rising edge-triggered cell FDRE clocked by ap_clk  {rise@0.000ns fall@20.000ns period=40.000ns})
  Path Group:             ap_clk
  Path Type:              Hold (Min at Fast Process Corner)
  Requirement:            0.000ns  (ap_clk rise@0.000ns - ap_clk rise@0.000ns)
  Data Path Delay:        0.190ns  (logic 0.128ns (67.295%)  route 0.062ns (32.705%))
  Logic Levels:           0  
  Clock Path Skew:        0.022ns (DCD - SCD - CPR)
    Destination Clock Delay (DCD):    0.432ns
    Source Clock Delay      (SCD):    0.410ns
    Clock Pessimism Removal (CPR):    -0.000ns

    Location             Delay type                Incr(ns)  Path(ns)    Netlist Resource(s)
  -------------------------------------------------------------------    -------------------
                         (clock ap_clk rise edge)     0.000     0.000 r  
                                                      0.000     0.000 r  ap_clk (IN)
                         net (fo=471, unset)          0.410     0.410    ap_clk
    SLICE_X21Y41         FDRE                                         r  j_1_10_reg_1841_reg[3]/C
  -------------------------------------------------------------------    -------------------
    SLICE_X21Y41         FDRE (Prop_fdre_C_Q)         0.128     0.538 r  j_1_10_reg_1841_reg[3]/Q
                         net (fo=1, routed)           0.062     0.600    j_1_10_reg_1841[3]
    SLICE_X20Y41         FDRE                                         r  j_11_reg_491_reg[3]/D
  -------------------------------------------------------------------    -------------------

                         (clock ap_clk rise edge)     0.000     0.000 r  
                                                      0.000     0.000 r  ap_clk (IN)
                         net (fo=471, unset)          0.432     0.432    ap_clk
    SLICE_X20Y41         FDRE                                         r  j_11_reg_491_reg[3]/C
                         clock pessimism              0.000     0.432    
    SLICE_X20Y41         FDRE (Hold_fdre_C_D)         0.019     0.451    j_11_reg_491_reg[3]
  -------------------------------------------------------------------
                         required time                         -0.451    
                         arrival time                           0.600    
  -------------------------------------------------------------------
                         slack                                  0.150    

Slack (MET) :             0.150ns  (arrival time - required time)
  Source:                 j_1_11_reg_1857_reg[3]/C
                            (rising edge-triggered cell FDRE clocked by ap_clk  {rise@0.000ns fall@20.000ns period=40.000ns})
  Destination:            j_12_reg_513_reg[3]/D
                            (rising edge-triggered cell FDRE clocked by ap_clk  {rise@0.000ns fall@20.000ns period=40.000ns})
  Path Group:             ap_clk
  Path Type:              Hold (Min at Fast Process Corner)
  Requirement:            0.000ns  (ap_clk rise@0.000ns - ap_clk rise@0.000ns)
  Data Path Delay:        0.190ns  (logic 0.128ns (67.295%)  route 0.062ns (32.705%))
  Logic Levels:           0  
  Clock Path Skew:        0.022ns (DCD - SCD - CPR)
    Destination Clock Delay (DCD):    0.432ns
    Source Clock Delay      (SCD):    0.410ns
    Clock Pessimism Removal (CPR):    -0.000ns

    Location             Delay type                Incr(ns)  Path(ns)    Netlist Resource(s)
  -------------------------------------------------------------------    -------------------
                         (clock ap_clk rise edge)     0.000     0.000 r  
                                                      0.000     0.000 r  ap_clk (IN)
                         net (fo=471, unset)          0.410     0.410    ap_clk
    SLICE_X23Y43         FDRE                                         r  j_1_11_reg_1857_reg[3]/C
  -------------------------------------------------------------------    -------------------
    SLICE_X23Y43         FDRE (Prop_fdre_C_Q)         0.128     0.538 r  j_1_11_reg_1857_reg[3]/Q
                         net (fo=1, routed)           0.062     0.600    j_1_11_reg_1857[3]
    SLICE_X22Y43         FDRE                                         r  j_12_reg_513_reg[3]/D
  -------------------------------------------------------------------    -------------------

                         (clock ap_clk rise edge)     0.000     0.000 r  
                                                      0.000     0.000 r  ap_clk (IN)
                         net (fo=471, unset)          0.432     0.432    ap_clk
    SLICE_X22Y43         FDRE                                         r  j_12_reg_513_reg[3]/C
                         clock pessimism              0.000     0.432    
    SLICE_X22Y43         FDRE (Hold_fdre_C_D)         0.019     0.451    j_12_reg_513_reg[3]
  -------------------------------------------------------------------
                         required time                         -0.451    
                         arrival time                           0.600    
  -------------------------------------------------------------------
                         slack                                  0.150    

Slack (MET) :             0.151ns  (arrival time - required time)
  Source:                 j_1_21_reg_2017_reg[3]/C
                            (rising edge-triggered cell FDRE clocked by ap_clk  {rise@0.000ns fall@20.000ns period=40.000ns})
  Destination:            j_22_reg_733_reg[3]/D
                            (rising edge-triggered cell FDRE clocked by ap_clk  {rise@0.000ns fall@20.000ns period=40.000ns})
  Path Group:             ap_clk
  Path Type:              Hold (Min at Fast Process Corner)
  Requirement:            0.000ns  (ap_clk rise@0.000ns - ap_clk rise@0.000ns)
  Data Path Delay:        0.192ns  (logic 0.128ns (66.728%)  route 0.064ns (33.272%))
  Logic Levels:           0  
  Clock Path Skew:        0.022ns (DCD - SCD - CPR)
    Destination Clock Delay (DCD):    0.432ns
    Source Clock Delay      (SCD):    0.410ns
    Clock Pessimism Removal (CPR):    -0.000ns

    Location             Delay type                Incr(ns)  Path(ns)    Netlist Resource(s)
  -------------------------------------------------------------------    -------------------
                         (clock ap_clk rise edge)     0.000     0.000 r  
                                                      0.000     0.000 r  ap_clk (IN)
                         net (fo=471, unset)          0.410     0.410    ap_clk
    SLICE_X36Y47         FDRE                                         r  j_1_21_reg_2017_reg[3]/C
  -------------------------------------------------------------------    -------------------
    SLICE_X36Y47         FDRE (Prop_fdre_C_Q)         0.128     0.538 r  j_1_21_reg_2017_reg[3]/Q
                         net (fo=1, routed)           0.064     0.602    j_1_21_reg_2017[3]
    SLICE_X37Y47         FDRE                                         r  j_22_reg_733_reg[3]/D
  -------------------------------------------------------------------    -------------------

                         (clock ap_clk rise edge)     0.000     0.000 r  
                                                      0.000     0.000 r  ap_clk (IN)
                         net (fo=471, unset)          0.432     0.432    ap_clk
    SLICE_X37Y47         FDRE                                         r  j_22_reg_733_reg[3]/C
                         clock pessimism              0.000     0.432    
    SLICE_X37Y47         FDRE (Hold_fdre_C_D)         0.019     0.451    j_22_reg_733_reg[3]
  -------------------------------------------------------------------
                         required time                         -0.451    
                         arrival time                           0.602    
  -------------------------------------------------------------------
                         slack                                  0.151    

Slack (MET) :             0.151ns  (arrival time - required time)
  Source:                 j_1_23_reg_2049_reg[3]/C
                            (rising edge-triggered cell FDRE clocked by ap_clk  {rise@0.000ns fall@20.000ns period=40.000ns})
  Destination:            j_24_reg_777_reg[3]/D
                            (rising edge-triggered cell FDRE clocked by ap_clk  {rise@0.000ns fall@20.000ns period=40.000ns})
  Path Group:             ap_clk
  Path Type:              Hold (Min at Fast Process Corner)
  Requirement:            0.000ns  (ap_clk rise@0.000ns - ap_clk rise@0.000ns)
  Data Path Delay:        0.192ns  (logic 0.128ns (66.728%)  route 0.064ns (33.272%))
  Logic Levels:           0  
  Clock Path Skew:        0.022ns (DCD - SCD - CPR)
    Destination Clock Delay (DCD):    0.432ns
    Source Clock Delay      (SCD):    0.410ns
    Clock Pessimism Removal (CPR):    -0.000ns

    Location             Delay type                Incr(ns)  Path(ns)    Netlist Resource(s)
  -------------------------------------------------------------------    -------------------
                         (clock ap_clk rise edge)     0.000     0.000 r  
                                                      0.000     0.000 r  ap_clk (IN)
                         net (fo=471, unset)          0.410     0.410    ap_clk
    SLICE_X36Y43         FDRE                                         r  j_1_23_reg_2049_reg[3]/C
  -------------------------------------------------------------------    -------------------
    SLICE_X36Y43         FDRE (Prop_fdre_C_Q)         0.128     0.538 r  j_1_23_reg_2049_reg[3]/Q
                         net (fo=1, routed)           0.064     0.602    j_1_23_reg_2049[3]
    SLICE_X37Y43         FDRE                                         r  j_24_reg_777_reg[3]/D
  -------------------------------------------------------------------    -------------------

                         (clock ap_clk rise edge)     0.000     0.000 r  
                                                      0.000     0.000 r  ap_clk (IN)
                         net (fo=471, unset)          0.432     0.432    ap_clk
    SLICE_X37Y43         FDRE                                         r  j_24_reg_777_reg[3]/C
                         clock pessimism              0.000     0.432    
    SLICE_X37Y43         FDRE (Hold_fdre_C_D)         0.019     0.451    j_24_reg_777_reg[3]
  -------------------------------------------------------------------
                         required time                         -0.451    
                         arrival time                           0.602    
  -------------------------------------------------------------------
                         slack                                  0.151    

Slack (MET) :             0.151ns  (arrival time - required time)
  Source:                 j_1_2_reg_1697_reg[3]/C
                            (rising edge-triggered cell FDRE clocked by ap_clk  {rise@0.000ns fall@20.000ns period=40.000ns})
  Destination:            j_2_reg_293_reg[3]/D
                            (rising edge-triggered cell FDRE clocked by ap_clk  {rise@0.000ns fall@20.000ns period=40.000ns})
  Path Group:             ap_clk
  Path Type:              Hold (Min at Fast Process Corner)
  Requirement:            0.000ns  (ap_clk rise@0.000ns - ap_clk rise@0.000ns)
  Data Path Delay:        0.192ns  (logic 0.128ns (66.728%)  route 0.064ns (33.272%))
  Logic Levels:           0  
  Clock Path Skew:        0.022ns (DCD - SCD - CPR)
    Destination Clock Delay (DCD):    0.432ns
    Source Clock Delay      (SCD):    0.410ns
    Clock Pessimism Removal (CPR):    -0.000ns

    Location             Delay type                Incr(ns)  Path(ns)    Netlist Resource(s)
  -------------------------------------------------------------------    -------------------
                         (clock ap_clk rise edge)     0.000     0.000 r  
                                                      0.000     0.000 r  ap_clk (IN)
                         net (fo=471, unset)          0.410     0.410    ap_clk
    SLICE_X26Y49         FDRE                                         r  j_1_2_reg_1697_reg[3]/C
  -------------------------------------------------------------------    -------------------
    SLICE_X26Y49         FDRE (Prop_fdre_C_Q)         0.128     0.538 r  j_1_2_reg_1697_reg[3]/Q
                         net (fo=1, routed)           0.064     0.602    j_1_2_reg_1697[3]
    SLICE_X27Y49         FDRE                                         r  j_2_reg_293_reg[3]/D
  -------------------------------------------------------------------    -------------------

                         (clock ap_clk rise edge)     0.000     0.000 r  
                                                      0.000     0.000 r  ap_clk (IN)
                         net (fo=471, unset)          0.432     0.432    ap_clk
    SLICE_X27Y49         FDRE                                         r  j_2_reg_293_reg[3]/C
                         clock pessimism              0.000     0.432    
    SLICE_X27Y49         FDRE (Hold_fdre_C_D)         0.019     0.451    j_2_reg_293_reg[3]
  -------------------------------------------------------------------
                         required time                         -0.451    
                         arrival time                           0.602    
  -------------------------------------------------------------------
                         slack                                  0.151    

Slack (MET) :             0.151ns  (arrival time - required time)
  Source:                 j_1_3_reg_1713_reg[3]/C
                            (rising edge-triggered cell FDRE clocked by ap_clk  {rise@0.000ns fall@20.000ns period=40.000ns})
  Destination:            j_3_reg_315_reg[3]/D
                            (rising edge-triggered cell FDRE clocked by ap_clk  {rise@0.000ns fall@20.000ns period=40.000ns})
  Path Group:             ap_clk
  Path Type:              Hold (Min at Fast Process Corner)
  Requirement:            0.000ns  (ap_clk rise@0.000ns - ap_clk rise@0.000ns)
  Data Path Delay:        0.192ns  (logic 0.128ns (66.728%)  route 0.064ns (33.272%))
  Logic Levels:           0  
  Clock Path Skew:        0.022ns (DCD - SCD - CPR)
    Destination Clock Delay (DCD):    0.432ns
    Source Clock Delay      (SCD):    0.410ns
    Clock Pessimism Removal (CPR):    -0.000ns

    Location             Delay type                Incr(ns)  Path(ns)    Netlist Resource(s)
  -------------------------------------------------------------------    -------------------
                         (clock ap_clk rise edge)     0.000     0.000 r  
                                                      0.000     0.000 r  ap_clk (IN)
                         net (fo=471, unset)          0.410     0.410    ap_clk
    SLICE_X22Y48         FDRE                                         r  j_1_3_reg_1713_reg[3]/C
  -------------------------------------------------------------------    -------------------
    SLICE_X22Y48         FDRE (Prop_fdre_C_Q)         0.128     0.538 r  j_1_3_reg_1713_reg[3]/Q
                         net (fo=1, routed)           0.064     0.602    j_1_3_reg_1713[3]
    SLICE_X23Y48         FDRE                                         r  j_3_reg_315_reg[3]/D
  -------------------------------------------------------------------    -------------------

                         (clock ap_clk rise edge)     0.000     0.000 r  
                                                      0.000     0.000 r  ap_clk (IN)
                         net (fo=471, unset)          0.432     0.432    ap_clk
    SLICE_X23Y48         FDRE                                         r  j_3_reg_315_reg[3]/C
                         clock pessimism              0.000     0.432    
    SLICE_X23Y48         FDRE (Hold_fdre_C_D)         0.019     0.451    j_3_reg_315_reg[3]
  -------------------------------------------------------------------
                         required time                         -0.451    
                         arrival time                           0.602    
  -------------------------------------------------------------------
                         slack                                  0.151    





Pulse Width Checks
--------------------------------------------------------------------------------------
Clock Name:         ap_clk
Waveform(ns):       { 0.000 20.000 }
Period(ns):         40.000
Sources:            { ap_clk }

Check Type        Corner  Lib Pin     Reference Pin  Required(ns)  Actual(ns)  Slack(ns)  Location      Pin
Min Period        n/a     FDSE/C      n/a            1.000         40.000      39.000     SLICE_X26Y45  ap_CS_fsm_reg[0]/C
Min Period        n/a     FDRE/C      n/a            1.000         40.000      39.000     SLICE_X26Y47  ap_CS_fsm_reg[10]/C
Min Period        n/a     FDRE/C      n/a            1.000         40.000      39.000     SLICE_X25Y48  ap_CS_fsm_reg[11]/C
Min Period        n/a     FDRE/C      n/a            1.000         40.000      39.000     SLICE_X28Y49  ap_CS_fsm_reg[12]/C
Min Period        n/a     FDRE/C      n/a            1.000         40.000      39.000     SLICE_X23Y49  ap_CS_fsm_reg[13]/C
Min Period        n/a     FDRE/C      n/a            1.000         40.000      39.000     SLICE_X24Y48  ap_CS_fsm_reg[14]/C
Min Period        n/a     FDRE/C      n/a            1.000         40.000      39.000     SLICE_X19Y48  ap_CS_fsm_reg[15]/C
Min Period        n/a     FDRE/C      n/a            1.000         40.000      39.000     SLICE_X21Y46  ap_CS_fsm_reg[16]/C
Min Period        n/a     FDRE/C      n/a            1.000         40.000      39.000     SLICE_X34Y48  ap_CS_fsm_reg[47]/C
Min Period        n/a     FDRE/C      n/a            1.000         40.000      39.000     SLICE_X46Y48  ap_CS_fsm_reg[48]/C
Low Pulse Width   Slow    SRL16E/CLK  n/a            0.980         20.000      19.020     SLICE_X30Y45  ap_CS_fsm_reg[3]_srl2___ap_CS_fsm_reg_r_0/CLK
Low Pulse Width   Fast    SRL16E/CLK  n/a            0.980         20.000      19.020     SLICE_X30Y45  ap_CS_fsm_reg[3]_srl2___ap_CS_fsm_reg_r_0/CLK
Low Pulse Width   Slow    FDSE/C      n/a            0.500         20.000      19.500     SLICE_X26Y45  ap_CS_fsm_reg[0]/C
Low Pulse Width   Fast    FDSE/C      n/a            0.500         20.000      19.500     SLICE_X26Y45  ap_CS_fsm_reg[0]/C
Low Pulse Width   Slow    FDRE/C      n/a            0.500         20.000      19.500     SLICE_X26Y47  ap_CS_fsm_reg[10]/C
Low Pulse Width   Fast    FDRE/C      n/a            0.500         20.000      19.500     SLICE_X26Y47  ap_CS_fsm_reg[10]/C
Low Pulse Width   Slow    FDRE/C      n/a            0.500         20.000      19.500     SLICE_X25Y48  ap_CS_fsm_reg[11]/C
Low Pulse Width   Fast    FDRE/C      n/a            0.500         20.000      19.500     SLICE_X25Y48  ap_CS_fsm_reg[11]/C
Low Pulse Width   Slow    FDRE/C      n/a            0.500         20.000      19.500     SLICE_X28Y49  ap_CS_fsm_reg[12]/C
Low Pulse Width   Fast    FDRE/C      n/a            0.500         20.000      19.500     SLICE_X28Y49  ap_CS_fsm_reg[12]/C
High Pulse Width  Slow    SRL16E/CLK  n/a            0.980         20.000      19.020     SLICE_X30Y45  ap_CS_fsm_reg[3]_srl2___ap_CS_fsm_reg_r_0/CLK
High Pulse Width  Fast    SRL16E/CLK  n/a            0.980         20.000      19.020     SLICE_X30Y45  ap_CS_fsm_reg[3]_srl2___ap_CS_fsm_reg_r_0/CLK
High Pulse Width  Slow    FDSE/C      n/a            0.500         20.000      19.500     SLICE_X26Y45  ap_CS_fsm_reg[0]/C
High Pulse Width  Fast    FDSE/C      n/a            0.500         20.000      19.500     SLICE_X26Y45  ap_CS_fsm_reg[0]/C
High Pulse Width  Slow    FDRE/C      n/a            0.500         20.000      19.500     SLICE_X26Y47  ap_CS_fsm_reg[10]/C
High Pulse Width  Fast    FDRE/C      n/a            0.500         20.000      19.500     SLICE_X26Y47  ap_CS_fsm_reg[10]/C
High Pulse Width  Slow    FDRE/C      n/a            0.500         20.000      19.500     SLICE_X25Y48  ap_CS_fsm_reg[11]/C
High Pulse Width  Fast    FDRE/C      n/a            0.500         20.000      19.500     SLICE_X25Y48  ap_CS_fsm_reg[11]/C
High Pulse Width  Slow    FDRE/C      n/a            0.500         20.000      19.500     SLICE_X28Y49  ap_CS_fsm_reg[12]/C
High Pulse Width  Fast    FDRE/C      n/a            0.500         20.000      19.500     SLICE_X28Y49  ap_CS_fsm_reg[12]/C



