

================================================================
== Vivado HLS Report for 'lenet5'
================================================================
* Date:           Fri Jul 12 10:26:18 2019

* Version:        2018.2 (Build 2258646 on Thu Jun 14 20:25:20 MDT 2018)
* Project:        Rec_Acc
* Solution:       solution1
* Product family: artix7
* Target device:  xc7a100tcsg324-1


================================================================
== Performance Estimates
================================================================
+ Timing (ns): 
    * Summary: 
    +--------+-------+----------+------------+
    |  Clock | Target| Estimated| Uncertainty|
    +--------+-------+----------+------------+
    |ap_clk  |  40.00|     5.825|        5.00|
    +--------+-------+----------+------------+

+ Latency (clock cycles): 
    * Summary: 
    +-----+------+-----+------+---------+
    |   Latency  |  Interval  | Pipeline|
    | min |  max | min |  max |   Type  |
    +-----+------+-----+------+---------+
    |   12|  9473|   12|  9473|   none  |
    +-----+------+-----+------+---------+

    + Detail: 
        * Instance: 
        N/A

        * Loop: 
        +--------------+-----+-----+----------+-----------+-----------+------+----------+
        |              |  Latency  | Iteration|  Initiation Interval  | Trip |          |
        |   Loop Name  | min | max |  Latency |  achieved |   target  | Count| Pipelined|
        +--------------+-----+-----+----------+-----------+-----------+------+----------+
        |- memset_sum  |    9|    9|         1|          -|          -|    10|    no    |
        |- L1_2        |  336|  336|        12|          -|          -|    28|    no    |
        | + L1_3       |   10|   10|         1|          -|          -|    10|    no    |
        |- L1_2        |  336|  336|        12|          -|          -|    28|    no    |
        | + L1_3       |   10|   10|         1|          -|          -|    10|    no    |
        |- L1_2        |  336|  336|        12|          -|          -|    28|    no    |
        | + L1_3       |   10|   10|         1|          -|          -|    10|    no    |
        |- L1_2        |  336|  336|        12|          -|          -|    28|    no    |
        | + L1_3       |   10|   10|         1|          -|          -|    10|    no    |
        |- L1_2        |  336|  336|        12|          -|          -|    28|    no    |
        | + L1_3       |   10|   10|         1|          -|          -|    10|    no    |
        |- L1_2        |  336|  336|        12|          -|          -|    28|    no    |
        | + L1_3       |   10|   10|         1|          -|          -|    10|    no    |
        |- L1_2        |  336|  336|        12|          -|          -|    28|    no    |
        | + L1_3       |   10|   10|         1|          -|          -|    10|    no    |
        |- L1_2        |  336|  336|        12|          -|          -|    28|    no    |
        | + L1_3       |   10|   10|         1|          -|          -|    10|    no    |
        |- L1_2        |  336|  336|        12|          -|          -|    28|    no    |
        | + L1_3       |   10|   10|         1|          -|          -|    10|    no    |
        |- L1_2        |  336|  336|        12|          -|          -|    28|    no    |
        | + L1_3       |   10|   10|         1|          -|          -|    10|    no    |
        |- L1_2        |  336|  336|        12|          -|          -|    28|    no    |
        | + L1_3       |   10|   10|         1|          -|          -|    10|    no    |
        |- L1_2        |  336|  336|        12|          -|          -|    28|    no    |
        | + L1_3       |   10|   10|         1|          -|          -|    10|    no    |
        |- L1_2        |  336|  336|        12|          -|          -|    28|    no    |
        | + L1_3       |   10|   10|         1|          -|          -|    10|    no    |
        |- L1_2        |  336|  336|        12|          -|          -|    28|    no    |
        | + L1_3       |   10|   10|         1|          -|          -|    10|    no    |
        |- L1_2        |  336|  336|        12|          -|          -|    28|    no    |
        | + L1_3       |   10|   10|         1|          -|          -|    10|    no    |
        |- L1_2        |  336|  336|        12|          -|          -|    28|    no    |
        | + L1_3       |   10|   10|         1|          -|          -|    10|    no    |
        |- L1_2        |  336|  336|        12|          -|          -|    28|    no    |
        | + L1_3       |   10|   10|         1|          -|          -|    10|    no    |
        |- L1_2        |  336|  336|        12|          -|          -|    28|    no    |
        | + L1_3       |   10|   10|         1|          -|          -|    10|    no    |
        |- L1_2        |  336|  336|        12|          -|          -|    28|    no    |
        | + L1_3       |   10|   10|         1|          -|          -|    10|    no    |
        |- L1_2        |  336|  336|        12|          -|          -|    28|    no    |
        | + L1_3       |   10|   10|         1|          -|          -|    10|    no    |
        |- L1_2        |  336|  336|        12|          -|          -|    28|    no    |
        | + L1_3       |   10|   10|         1|          -|          -|    10|    no    |
        |- L1_2        |  336|  336|        12|          -|          -|    28|    no    |
        | + L1_3       |   10|   10|         1|          -|          -|    10|    no    |
        |- L1_2        |  336|  336|        12|          -|          -|    28|    no    |
        | + L1_3       |   10|   10|         1|          -|          -|    10|    no    |
        |- L1_2        |  336|  336|        12|          -|          -|    28|    no    |
        | + L1_3       |   10|   10|         1|          -|          -|    10|    no    |
        |- L1_2        |  336|  336|        12|          -|          -|    28|    no    |
        | + L1_3       |   10|   10|         1|          -|          -|    10|    no    |
        |- L1_2        |  336|  336|        12|          -|          -|    28|    no    |
        | + L1_3       |   10|   10|         1|          -|          -|    10|    no    |
        |- L1_2        |  336|  336|        12|          -|          -|    28|    no    |
        | + L1_3       |   10|   10|         1|          -|          -|    10|    no    |
        |- L1_2        |  336|  336|        12|          -|          -|    28|    no    |
        | + L1_3       |   10|   10|         1|          -|          -|    10|    no    |
        |- L2_1        |   20|   20|         2|          -|          -|    10|    no    |
        +--------------+-----+-----+----------+-----------+-----------+------+----------+



================================================================
== Utilization Estimates
================================================================
* Summary: 
+-----------------+---------+-------+--------+-------+
|       Name      | BRAM_18K| DSP48E|   FF   |  LUT  |
+-----------------+---------+-------+--------+-------+
|DSP              |        -|      -|       -|      -|
|Expression       |        -|      -|       0|   1477|
|FIFO             |        -|      -|       -|      -|
|Instance         |        -|      -|       -|      -|
|Memory           |        1|      -|       0|      0|
|Multiplexer      |        -|      -|       -|    935|
|Register         |        -|      -|     494|      -|
+-----------------+---------+-------+--------+-------+
|Total            |        1|      0|     494|   2412|
+-----------------+---------+-------+--------+-------+
|Available        |      270|    240|  126800|  63400|
+-----------------+---------+-------+--------+-------+
|Utilization (%)  |    ~0   |      0|   ~0   |      3|
+-----------------+---------+-------+--------+-------+

+ Detail: 
    * Instance: 
    N/A

    * DSP48: 
    N/A

    * Memory: 
    +-------+------------+---------+---+----+------+-----+------+-------------+
    | Memory|   Module   | BRAM_18K| FF| LUT| Words| Bits| Banks| W*Bits*Banks|
    +-------+------------+---------+---+----+------+-----+------+-------------+
    |sum_U  |lenet5_sum  |        1|  0|   0|    10|    1|     1|           10|
    +-------+------------+---------+---+----+------+-----+------+-------------+
    |Total  |            |        1|  0|   0|    10|    1|     1|           10|
    +-------+------------+---------+---+----+------+-----+------+-------------+

    * FIFO: 
    N/A

    * Expression: 
    +-------------------------+----------+-------+---+----+------------+------------+
    |      Variable Name      | Operation| DSP48E| FF| LUT| Bitwidth P0| Bitwidth P1|
    +-------------------------+----------+-------+---+----+------------+------------+
    |i_fu_1609_p2             |     +    |      0|  0|  13|           4|           1|
    |indvarinc_fu_914_p2      |     +    |      0|  0|  13|           4|           1|
    |j_1_10_fu_1201_p2        |     +    |      0|  0|  15|           5|           1|
    |j_1_11_fu_1225_p2        |     +    |      0|  0|  15|           5|           1|
    |j_1_12_fu_1249_p2        |     +    |      0|  0|  15|           5|           1|
    |j_1_13_fu_1273_p2        |     +    |      0|  0|  15|           5|           1|
    |j_1_14_fu_1297_p2        |     +    |      0|  0|  15|           5|           1|
    |j_1_15_fu_1321_p2        |     +    |      0|  0|  15|           5|           1|
    |j_1_16_fu_1345_p2        |     +    |      0|  0|  15|           5|           1|
    |j_1_17_fu_1369_p2        |     +    |      0|  0|  15|           5|           1|
    |j_1_18_fu_1393_p2        |     +    |      0|  0|  15|           5|           1|
    |j_1_19_fu_1417_p2        |     +    |      0|  0|  15|           5|           1|
    |j_1_1_fu_961_p2          |     +    |      0|  0|  15|           5|           1|
    |j_1_20_fu_1441_p2        |     +    |      0|  0|  15|           5|           1|
    |j_1_21_fu_1465_p2        |     +    |      0|  0|  15|           5|           1|
    |j_1_22_fu_1489_p2        |     +    |      0|  0|  15|           5|           1|
    |j_1_23_fu_1513_p2        |     +    |      0|  0|  15|           5|           1|
    |j_1_24_fu_1537_p2        |     +    |      0|  0|  15|           5|           1|
    |j_1_25_fu_1561_p2        |     +    |      0|  0|  15|           5|           1|
    |j_1_26_fu_1585_p2        |     +    |      0|  0|  15|           5|           1|
    |j_1_2_fu_985_p2          |     +    |      0|  0|  15|           5|           1|
    |j_1_3_fu_1009_p2         |     +    |      0|  0|  15|           5|           1|
    |j_1_4_fu_1033_p2         |     +    |      0|  0|  15|           5|           1|
    |j_1_5_fu_1057_p2         |     +    |      0|  0|  15|           5|           1|
    |j_1_6_fu_1081_p2         |     +    |      0|  0|  15|           5|           1|
    |j_1_7_fu_1105_p2         |     +    |      0|  0|  15|           5|           1|
    |j_1_8_fu_1129_p2         |     +    |      0|  0|  15|           5|           1|
    |j_1_9_fu_1153_p2         |     +    |      0|  0|  15|           5|           1|
    |j_1_fu_937_p2            |     +    |      0|  0|  15|           5|           1|
    |j_1_s_fu_1177_p2         |     +    |      0|  0|  15|           5|           1|
    |k_1_10_fu_1213_p2        |     +    |      0|  0|  13|           4|           1|
    |k_1_11_fu_1237_p2        |     +    |      0|  0|  13|           4|           1|
    |k_1_12_fu_1261_p2        |     +    |      0|  0|  13|           4|           1|
    |k_1_13_fu_1285_p2        |     +    |      0|  0|  13|           4|           1|
    |k_1_14_fu_1309_p2        |     +    |      0|  0|  13|           4|           1|
    |k_1_15_fu_1333_p2        |     +    |      0|  0|  13|           4|           1|
    |k_1_16_fu_1357_p2        |     +    |      0|  0|  13|           4|           1|
    |k_1_17_fu_1381_p2        |     +    |      0|  0|  13|           4|           1|
    |k_1_18_fu_1405_p2        |     +    |      0|  0|  13|           4|           1|
    |k_1_19_fu_1429_p2        |     +    |      0|  0|  13|           4|           1|
    |k_1_1_fu_973_p2          |     +    |      0|  0|  13|           4|           1|
    |k_1_20_fu_1453_p2        |     +    |      0|  0|  13|           4|           1|
    |k_1_21_fu_1477_p2        |     +    |      0|  0|  13|           4|           1|
    |k_1_22_fu_1501_p2        |     +    |      0|  0|  13|           4|           1|
    |k_1_23_fu_1525_p2        |     +    |      0|  0|  13|           4|           1|
    |k_1_24_fu_1549_p2        |     +    |      0|  0|  13|           4|           1|
    |k_1_25_fu_1573_p2        |     +    |      0|  0|  13|           4|           1|
    |k_1_26_fu_1597_p2        |     +    |      0|  0|  13|           4|           1|
    |k_1_2_fu_997_p2          |     +    |      0|  0|  13|           4|           1|
    |k_1_3_fu_1021_p2         |     +    |      0|  0|  13|           4|           1|
    |k_1_4_fu_1045_p2         |     +    |      0|  0|  13|           4|           1|
    |k_1_5_fu_1069_p2         |     +    |      0|  0|  13|           4|           1|
    |k_1_6_fu_1093_p2         |     +    |      0|  0|  13|           4|           1|
    |k_1_7_fu_1117_p2         |     +    |      0|  0|  13|           4|           1|
    |k_1_8_fu_1141_p2         |     +    |      0|  0|  13|           4|           1|
    |k_1_9_fu_1165_p2         |     +    |      0|  0|  13|           4|           1|
    |k_1_fu_949_p2            |     +    |      0|  0|  13|           4|           1|
    |k_1_s_fu_1189_p2         |     +    |      0|  0|  13|           4|           1|
    |ap_block_state11         |    and   |      0|  0|   2|           1|           1|
    |ap_block_state13         |    and   |      0|  0|   2|           1|           1|
    |ap_block_state15         |    and   |      0|  0|   2|           1|           1|
    |ap_block_state17         |    and   |      0|  0|   2|           1|           1|
    |ap_block_state19         |    and   |      0|  0|   2|           1|           1|
    |ap_block_state21         |    and   |      0|  0|   2|           1|           1|
    |ap_block_state23         |    and   |      0|  0|   2|           1|           1|
    |ap_block_state25         |    and   |      0|  0|   2|           1|           1|
    |ap_block_state27         |    and   |      0|  0|   2|           1|           1|
    |ap_block_state29         |    and   |      0|  0|   2|           1|           1|
    |ap_block_state31         |    and   |      0|  0|   2|           1|           1|
    |ap_block_state33         |    and   |      0|  0|   2|           1|           1|
    |ap_block_state35         |    and   |      0|  0|   2|           1|           1|
    |ap_block_state37         |    and   |      0|  0|   2|           1|           1|
    |ap_block_state39         |    and   |      0|  0|   2|           1|           1|
    |ap_block_state41         |    and   |      0|  0|   2|           1|           1|
    |ap_block_state43         |    and   |      0|  0|   2|           1|           1|
    |ap_block_state45         |    and   |      0|  0|   2|           1|           1|
    |ap_block_state47         |    and   |      0|  0|   2|           1|           1|
    |ap_block_state49         |    and   |      0|  0|   2|           1|           1|
    |ap_block_state51         |    and   |      0|  0|   2|           1|           1|
    |ap_block_state53         |    and   |      0|  0|   2|           1|           1|
    |ap_block_state55         |    and   |      0|  0|   2|           1|           1|
    |ap_block_state57         |    and   |      0|  0|   2|           1|           1|
    |ap_block_state59         |    and   |      0|  0|   2|           1|           1|
    |ap_block_state61         |    and   |      0|  0|   2|           1|           1|
    |ap_block_state63         |    and   |      0|  0|   2|           1|           1|
    |ap_block_state9          |    and   |      0|  0|   2|           1|           1|
    |exitcond3_10_fu_1195_p2  |   icmp   |      0|  0|  11|           5|           4|
    |exitcond3_11_fu_1219_p2  |   icmp   |      0|  0|  11|           5|           4|
    |exitcond3_12_fu_1243_p2  |   icmp   |      0|  0|  11|           5|           4|
    |exitcond3_13_fu_1267_p2  |   icmp   |      0|  0|  11|           5|           4|
    |exitcond3_14_fu_1291_p2  |   icmp   |      0|  0|  11|           5|           4|
    |exitcond3_15_fu_1315_p2  |   icmp   |      0|  0|  11|           5|           4|
    |exitcond3_16_fu_1339_p2  |   icmp   |      0|  0|  11|           5|           4|
    |exitcond3_17_fu_1363_p2  |   icmp   |      0|  0|  11|           5|           4|
    |exitcond3_18_fu_1387_p2  |   icmp   |      0|  0|  11|           5|           4|
    |exitcond3_19_fu_1411_p2  |   icmp   |      0|  0|  11|           5|           4|
    |exitcond3_1_fu_955_p2    |   icmp   |      0|  0|  11|           5|           4|
    |exitcond3_20_fu_1435_p2  |   icmp   |      0|  0|  11|           5|           4|
    |exitcond3_21_fu_1459_p2  |   icmp   |      0|  0|  11|           5|           4|
    |exitcond3_22_fu_1483_p2  |   icmp   |      0|  0|  11|           5|           4|
    |exitcond3_23_fu_1507_p2  |   icmp   |      0|  0|  11|           5|           4|
    |exitcond3_24_fu_1531_p2  |   icmp   |      0|  0|  11|           5|           4|
    |exitcond3_25_fu_1555_p2  |   icmp   |      0|  0|  11|           5|           4|
    |exitcond3_26_fu_1579_p2  |   icmp   |      0|  0|  11|           5|           4|
    |exitcond3_2_fu_979_p2    |   icmp   |      0|  0|  11|           5|           4|
    |exitcond3_3_fu_1003_p2   |   icmp   |      0|  0|  11|           5|           4|
    |exitcond3_4_fu_1027_p2   |   icmp   |      0|  0|  11|           5|           4|
    |exitcond3_5_fu_1051_p2   |   icmp   |      0|  0|  11|           5|           4|
    |exitcond3_6_fu_1075_p2   |   icmp   |      0|  0|  11|           5|           4|
    |exitcond3_7_fu_1099_p2   |   icmp   |      0|  0|  11|           5|           4|
    |exitcond3_8_fu_1123_p2   |   icmp   |      0|  0|  11|           5|           4|
    |exitcond3_9_fu_1147_p2   |   icmp   |      0|  0|  11|           5|           4|
    |exitcond3_fu_931_p2      |   icmp   |      0|  0|  11|           5|           4|
    |exitcond3_s_fu_1171_p2   |   icmp   |      0|  0|  11|           5|           4|
    |exitcond4_10_fu_1207_p2  |   icmp   |      0|  0|   9|           4|           4|
    |exitcond4_11_fu_1231_p2  |   icmp   |      0|  0|   9|           4|           4|
    |exitcond4_12_fu_1255_p2  |   icmp   |      0|  0|   9|           4|           4|
    |exitcond4_13_fu_1279_p2  |   icmp   |      0|  0|   9|           4|           4|
    |exitcond4_14_fu_1303_p2  |   icmp   |      0|  0|   9|           4|           4|
    |exitcond4_15_fu_1327_p2  |   icmp   |      0|  0|   9|           4|           4|
    |exitcond4_16_fu_1351_p2  |   icmp   |      0|  0|   9|           4|           4|
    |exitcond4_17_fu_1375_p2  |   icmp   |      0|  0|   9|           4|           4|
    |exitcond4_18_fu_1399_p2  |   icmp   |      0|  0|   9|           4|           4|
    |exitcond4_19_fu_1423_p2  |   icmp   |      0|  0|   9|           4|           4|
    |exitcond4_1_fu_967_p2    |   icmp   |      0|  0|   9|           4|           4|
    |exitcond4_20_fu_1447_p2  |   icmp   |      0|  0|   9|           4|           4|
    |exitcond4_21_fu_1471_p2  |   icmp   |      0|  0|   9|           4|           4|
    |exitcond4_22_fu_1495_p2  |   icmp   |      0|  0|   9|           4|           4|
    |exitcond4_23_fu_1519_p2  |   icmp   |      0|  0|   9|           4|           4|
    |exitcond4_24_fu_1543_p2  |   icmp   |      0|  0|   9|           4|           4|
    |exitcond4_25_fu_1567_p2  |   icmp   |      0|  0|   9|           4|           4|
    |exitcond4_26_fu_1591_p2  |   icmp   |      0|  0|   9|           4|           4|
    |exitcond4_2_fu_991_p2    |   icmp   |      0|  0|   9|           4|           4|
    |exitcond4_3_fu_1015_p2   |   icmp   |      0|  0|   9|           4|           4|
    |exitcond4_4_fu_1039_p2   |   icmp   |      0|  0|   9|           4|           4|
    |exitcond4_5_fu_1063_p2   |   icmp   |      0|  0|   9|           4|           4|
    |exitcond4_6_fu_1087_p2   |   icmp   |      0|  0|   9|           4|           4|
    |exitcond4_7_fu_1111_p2   |   icmp   |      0|  0|   9|           4|           4|
    |exitcond4_8_fu_1135_p2   |   icmp   |      0|  0|   9|           4|           4|
    |exitcond4_9_fu_1159_p2   |   icmp   |      0|  0|   9|           4|           4|
    |exitcond4_fu_943_p2      |   icmp   |      0|  0|   9|           4|           4|
    |exitcond4_s_fu_1183_p2   |   icmp   |      0|  0|   9|           4|           4|
    |exitcond_fu_1603_p2      |   icmp   |      0|  0|   9|           4|           4|
    |tmp_1_fu_925_p2          |   icmp   |      0|  0|   9|           4|           4|
    |tmp_5_fu_1624_p2         |   icmp   |      0|  0|  13|          16|          16|
    |max_2_max_fu_1638_p3     |  select  |      0|  0|  16|           1|          16|
    |temp_V_s_fu_1630_p3      |  select  |      0|  0|   4|           1|           4|
    +-------------------------+----------+-------+---+----+------------+------------+
    |Total                    |          |      0|  0|1477|         566|         354|
    +-------------------------+----------+-------+---+----+------------+------------+

    * Multiplexer: 
    +--------------------+-----+-----------+-----+-----------+
    |        Name        | LUT | Input Size| Bits| Total Bits|
    +--------------------+-----+-----------+-----+-----------+
    |ap_NS_fsm           |  301|         67|    1|         67|
    |img_in_TDATA_blk_n  |    9|          2|    1|          2|
    |invdar_reg_238      |    9|          2|    4|          8|
    |j_10_reg_469        |    9|          2|    5|         10|
    |j_11_reg_491        |    9|          2|    5|         10|
    |j_12_reg_513        |    9|          2|    5|         10|
    |j_13_reg_535        |    9|          2|    5|         10|
    |j_14_reg_557        |    9|          2|    5|         10|
    |j_15_reg_579        |    9|          2|    5|         10|
    |j_16_reg_601        |    9|          2|    5|         10|
    |j_17_reg_623        |    9|          2|    5|         10|
    |j_18_reg_645        |    9|          2|    5|         10|
    |j_19_reg_667        |    9|          2|    5|         10|
    |j_20_reg_689        |    9|          2|    5|         10|
    |j_21_reg_711        |    9|          2|    5|         10|
    |j_22_reg_733        |    9|          2|    5|         10|
    |j_23_reg_755        |    9|          2|    5|         10|
    |j_24_reg_777        |    9|          2|    5|         10|
    |j_25_reg_799        |    9|          2|    5|         10|
    |j_26_reg_821        |    9|          2|    5|         10|
    |j_27_reg_843        |    9|          2|    5|         10|
    |j_2_reg_293         |    9|          2|    5|         10|
    |j_3_reg_315         |    9|          2|    5|         10|
    |j_4_reg_337         |    9|          2|    5|         10|
    |j_5_reg_359         |    9|          2|    5|         10|
    |j_6_reg_381         |    9|          2|    5|         10|
    |j_7_reg_403         |    9|          2|    5|         10|
    |j_8_reg_425         |    9|          2|    5|         10|
    |j_9_reg_447         |    9|          2|    5|         10|
    |j_reg_249           |    9|          2|    5|         10|
    |j_s_reg_271         |    9|          2|    5|         10|
    |k_10_reg_480        |    9|          2|    4|          8|
    |k_11_reg_502        |    9|          2|    4|          8|
    |k_12_reg_524        |    9|          2|    4|          8|
    |k_13_reg_546        |    9|          2|    4|          8|
    |k_14_reg_568        |    9|          2|    4|          8|
    |k_15_reg_590        |    9|          2|    4|          8|
    |k_16_reg_612        |    9|          2|    4|          8|
    |k_17_reg_634        |    9|          2|    4|          8|
    |k_18_reg_656        |    9|          2|    4|          8|
    |k_19_reg_678        |    9|          2|    4|          8|
    |k_20_reg_700        |    9|          2|    4|          8|
    |k_21_reg_722        |    9|          2|    4|          8|
    |k_22_reg_744        |    9|          2|    4|          8|
    |k_23_reg_766        |    9|          2|    4|          8|
    |k_24_reg_788        |    9|          2|    4|          8|
    |k_25_reg_810        |    9|          2|    4|          8|
    |k_26_reg_832        |    9|          2|    4|          8|
    |k_27_reg_854        |    9|          2|    4|          8|
    |k_2_reg_304         |    9|          2|    4|          8|
    |k_3_reg_326         |    9|          2|    4|          8|
    |k_4_reg_348         |    9|          2|    4|          8|
    |k_5_reg_370         |    9|          2|    4|          8|
    |k_6_reg_392         |    9|          2|    4|          8|
    |k_7_reg_414         |    9|          2|    4|          8|
    |k_8_reg_436         |    9|          2|    4|          8|
    |k_9_reg_458         |    9|          2|    4|          8|
    |k_reg_260           |    9|          2|    4|          8|
    |k_s_reg_282         |    9|          2|    4|          8|
    |max_reg_889         |    9|          2|   16|         32|
    |p_s_reg_865         |    9|          2|    4|          8|
    |storemerge_reg_901  |    9|          2|    4|          8|
    |sum_address0        |   38|          7|    4|         28|
    |sum_address1        |   38|          7|    4|         28|
    |temp_V_reg_877      |    9|          2|    4|          8|
    +--------------------+-----+-----------+-----+-----------+
    |Total               |  935|        205|  294|        693|
    +--------------------+-----+-----------+-----+-----------+

    * Register: 
    +--------------------+----+----+-----+-----------+
    |        Name        | FF | LUT| Bits| Const Bits|
    +--------------------+----+----+-----+-----------+
    |ap_CS_fsm           |  66|   0|   66|          0|
    |i_reg_2113          |   4|   0|    4|          0|
    |invdar_reg_238      |   4|   0|    4|          0|
    |j_10_reg_469        |   5|   0|    5|          0|
    |j_11_reg_491        |   5|   0|    5|          0|
    |j_12_reg_513        |   5|   0|    5|          0|
    |j_13_reg_535        |   5|   0|    5|          0|
    |j_14_reg_557        |   5|   0|    5|          0|
    |j_15_reg_579        |   5|   0|    5|          0|
    |j_16_reg_601        |   5|   0|    5|          0|
    |j_17_reg_623        |   5|   0|    5|          0|
    |j_18_reg_645        |   5|   0|    5|          0|
    |j_19_reg_667        |   5|   0|    5|          0|
    |j_1_10_reg_1841     |   5|   0|    5|          0|
    |j_1_11_reg_1857     |   5|   0|    5|          0|
    |j_1_12_reg_1873     |   5|   0|    5|          0|
    |j_1_13_reg_1889     |   5|   0|    5|          0|
    |j_1_14_reg_1905     |   5|   0|    5|          0|
    |j_1_15_reg_1921     |   5|   0|    5|          0|
    |j_1_16_reg_1937     |   5|   0|    5|          0|
    |j_1_17_reg_1953     |   5|   0|    5|          0|
    |j_1_18_reg_1969     |   5|   0|    5|          0|
    |j_1_19_reg_1985     |   5|   0|    5|          0|
    |j_1_1_reg_1681      |   5|   0|    5|          0|
    |j_1_20_reg_2001     |   5|   0|    5|          0|
    |j_1_21_reg_2017     |   5|   0|    5|          0|
    |j_1_22_reg_2033     |   5|   0|    5|          0|
    |j_1_23_reg_2049     |   5|   0|    5|          0|
    |j_1_24_reg_2065     |   5|   0|    5|          0|
    |j_1_25_reg_2081     |   5|   0|    5|          0|
    |j_1_26_reg_2097     |   5|   0|    5|          0|
    |j_1_2_reg_1697      |   5|   0|    5|          0|
    |j_1_3_reg_1713      |   5|   0|    5|          0|
    |j_1_4_reg_1729      |   5|   0|    5|          0|
    |j_1_5_reg_1745      |   5|   0|    5|          0|
    |j_1_6_reg_1761      |   5|   0|    5|          0|
    |j_1_7_reg_1777      |   5|   0|    5|          0|
    |j_1_8_reg_1793      |   5|   0|    5|          0|
    |j_1_9_reg_1809      |   5|   0|    5|          0|
    |j_1_reg_1665        |   5|   0|    5|          0|
    |j_1_s_reg_1825      |   5|   0|    5|          0|
    |j_20_reg_689        |   5|   0|    5|          0|
    |j_21_reg_711        |   5|   0|    5|          0|
    |j_22_reg_733        |   5|   0|    5|          0|
    |j_23_reg_755        |   5|   0|    5|          0|
    |j_24_reg_777        |   5|   0|    5|          0|
    |j_25_reg_799        |   5|   0|    5|          0|
    |j_26_reg_821        |   5|   0|    5|          0|
    |j_27_reg_843        |   5|   0|    5|          0|
    |j_2_reg_293         |   5|   0|    5|          0|
    |j_3_reg_315         |   5|   0|    5|          0|
    |j_4_reg_337         |   5|   0|    5|          0|
    |j_5_reg_359         |   5|   0|    5|          0|
    |j_6_reg_381         |   5|   0|    5|          0|
    |j_7_reg_403         |   5|   0|    5|          0|
    |j_8_reg_425         |   5|   0|    5|          0|
    |j_9_reg_447         |   5|   0|    5|          0|
    |j_reg_249           |   5|   0|    5|          0|
    |j_s_reg_271         |   5|   0|    5|          0|
    |k_10_reg_480        |   4|   0|    4|          0|
    |k_11_reg_502        |   4|   0|    4|          0|
    |k_12_reg_524        |   4|   0|    4|          0|
    |k_13_reg_546        |   4|   0|    4|          0|
    |k_14_reg_568        |   4|   0|    4|          0|
    |k_15_reg_590        |   4|   0|    4|          0|
    |k_16_reg_612        |   4|   0|    4|          0|
    |k_17_reg_634        |   4|   0|    4|          0|
    |k_18_reg_656        |   4|   0|    4|          0|
    |k_19_reg_678        |   4|   0|    4|          0|
    |k_20_reg_700        |   4|   0|    4|          0|
    |k_21_reg_722        |   4|   0|    4|          0|
    |k_22_reg_744        |   4|   0|    4|          0|
    |k_23_reg_766        |   4|   0|    4|          0|
    |k_24_reg_788        |   4|   0|    4|          0|
    |k_25_reg_810        |   4|   0|    4|          0|
    |k_26_reg_832        |   4|   0|    4|          0|
    |k_27_reg_854        |   4|   0|    4|          0|
    |k_2_reg_304         |   4|   0|    4|          0|
    |k_3_reg_326         |   4|   0|    4|          0|
    |k_4_reg_348         |   4|   0|    4|          0|
    |k_5_reg_370         |   4|   0|    4|          0|
    |k_6_reg_392         |   4|   0|    4|          0|
    |k_7_reg_414         |   4|   0|    4|          0|
    |k_8_reg_436         |   4|   0|    4|          0|
    |k_9_reg_458         |   4|   0|    4|          0|
    |k_reg_260           |   4|   0|    4|          0|
    |k_s_reg_282         |   4|   0|    4|          0|
    |max_reg_889         |  16|   0|   16|          0|
    |p_s_reg_865         |   4|   0|    4|          0|
    |storemerge_reg_901  |   4|   0|    4|          0|
    |temp_V_reg_877      |   4|   0|    4|          0|
    +--------------------+----+----+-----+-----------+
    |Total               | 494|   0|  494|          0|
    +--------------------+----+----+-----+-----------+



================================================================
== Interface
================================================================
* Summary: 
+-----------------+-----+-----+--------------+---------------+--------------+
|    RTL Ports    | Dir | Bits|   Protocol   | Source Object |    C Type    |
+-----------------+-----+-----+--------------+---------------+--------------+
|ap_clk           |  in |    1| ap_ctrl_none |     lenet5    | return value |
|ap_rst_n         |  in |    1| ap_ctrl_none |     lenet5    | return value |
|img_in_TDATA     |  in |   32|     axis     | img_in_data_V |    pointer   |
|img_in_TVALID    |  in |    1|     axis     | img_in_data_V |    pointer   |
|img_in_TREADY    | out |    1|     axis     | img_in_user_V |    pointer   |
|img_in_TUSER     |  in |    1|     axis     | img_in_user_V |    pointer   |
|img_in_TKEEP     |  in |    4|     axis     | img_in_keep_V |    pointer   |
|img_in_TLAST     |  in |    1|     axis     | img_in_last_V |    pointer   |
|result_V         | out |    4|    ap_vld    |    result_V   |    pointer   |
|result_V_ap_vld  | out |    1|    ap_vld    |    result_V   |    pointer   |
|enable_V         |  in |    1|    ap_none   |    enable_V   |    scalar    |
|clear_V          |  in |    1|    ap_none   |    clear_V    |    scalar    |
+-----------------+-----+-----+--------------+---------------+--------------+

