INFO-FLOW: Workspace /home/eric/Documents/for_competition/HLS_ACC/CNN_ACC/Rec_Acc/solution1 opened at Fri Jul 12 10:26:05 CST 2019
Execute     config_clock -quiet -name default -period 40 -default=false 
INFO: [SYN 201-201] Setting up clock 'default' with a period of 40ns.
Execute     open_platform DefaultPlatform 
Execute     import_lib /opt/Xilinx/Vivado/2018.2/common/technology/xilinx/artix7/artix7 
Execute       source /opt/Xilinx/Vivado/2018.2/common/technology/xilinx/common/xilinx.lib 
Execute         source /opt/Xilinx/Vivado/2018.2/common/technology/xilinx/interface/xilinx_interface.lib 
Execute           source /opt/Xilinx/Vivado/2018.2/common/technology/xilinx/interface/plb46.lib 
Execute           source /opt/Xilinx/Vivado/2018.2/common/technology/xilinx/interface/fsl.lib 
Execute           source /opt/Xilinx/Vivado/2018.2/common/technology/xilinx/interface/axi4.lib 
Execute           source /opt/Xilinx/Vivado/2018.2/common/technology/xilinx/interface/maxi.lib 
Execute           source /opt/Xilinx/Vivado/2018.2/common/technology/xilinx/interface/saxilite.lib 
Execute         source /opt/Xilinx/Vivado/2018.2/common/technology/xilinx/common/dsp48.lib 
Execute         source /opt/Xilinx/Vivado/2018.2/common/technology/xilinx/ip/xfir.lib 
Execute         source /opt/Xilinx/Vivado/2018.2/common/technology/xilinx/ip/xfft.lib 
Execute         source /opt/Xilinx/Vivado/2018.2/common/technology/xilinx/ip/dds_compiler.lib 
Execute       source /opt/Xilinx/Vivado/2018.2/common/technology/xilinx/common/xilinx_old.lib 
Execute       source /opt/Xilinx/Vivado/2018.2/common/technology/xilinx/common/xilinx_vivado.lib 
Execute       source /opt/Xilinx/Vivado/2018.2/common/technology/xilinx/common/xilinx.hlp 
Execute         source /opt/Xilinx/Vivado/2018.2/common/technology/xilinx/common/target_info.tcl 
Execute         source /opt/Xilinx/Vivado/2018.2/common/technology/xilinx/interface/xilinx_interface.hlp 
Execute           source /opt/Xilinx/Vivado/2018.2/common/technology/xilinx/interface/maxi.hlp 
Execute           source /opt/Xilinx/Vivado/2018.2/common/technology/xilinx/interface/saxilite.hlp 
Execute         source /opt/Xilinx/Vivado/2018.2/common/technology/xilinx/common/dsp48.hlp 
Execute       source /opt/Xilinx/Vivado/2018.2/common/technology/xilinx/artix7/dsp48e1.hlp 
Execute       get_default_platform 
Execute       config_chip_info -quiet -resource  {SLICE 15850} {LUT 63400}     {FF 126800} {DSP48E 240}    {BRAM 270}  
Execute       config_chip_info -quiet -speed medium 
Execute       source /opt/Xilinx/Vivado/2018.2/common/technology/xilinx/common/xilinx.hlp 
Execute         source /opt/Xilinx/Vivado/2018.2/common/technology/xilinx/common/target_info.tcl 
Execute         source /opt/Xilinx/Vivado/2018.2/common/technology/xilinx/interface/xilinx_interface.hlp 
Execute           source /opt/Xilinx/Vivado/2018.2/common/technology/xilinx/interface/maxi.hlp 
Execute           source /opt/Xilinx/Vivado/2018.2/common/technology/xilinx/interface/saxilite.hlp 
Execute         source /opt/Xilinx/Vivado/2018.2/common/technology/xilinx/common/dsp48.hlp 
Execute     source /opt/Xilinx/Vivado/2018.2/common/technology/xilinx/artix7/artix7.gen 
Execute       source /opt/Xilinx/Vivado/2018.2/common/technology/xilinx/common/virtex.gen 
Execute         source /opt/Xilinx/Vivado/2018.2/common/technology/xilinx/common/xilinx.gen 
Execute           source /opt/Xilinx/Vivado/2018.2/common/technology/xilinx/interface/plb46.gen 
Execute           source /opt/Xilinx/Vivado/2018.2/common/technology/xilinx/interface/fsl.gen 
Execute           source /opt/Xilinx/Vivado/2018.2/common/technology/xilinx/interface/axi4.gen 
Execute           source /opt/Xilinx/Vivado/2018.2/common/technology/xilinx/interface/nativeAXI4.gen 
Execute             source /opt/Xilinx/Vivado/2018.2/common/technology/xilinx/interface/saxilite.gen 
Execute             source /opt/Xilinx/Vivado/2018.2/common/technology/xilinx/interface/maxi.gen 
Execute           source /opt/Xilinx/Vivado/2018.2/common/technology/xilinx/scripts/xilinxcoregen.gen 
Execute           source /opt/Xilinx/Vivado/2018.2/common/technology/xilinx/interface/XilEDKCoreGen.gen 
Execute           source /opt/Xilinx/Vivado/2018.2/common/technology/xilinx/ip/dds_compiler.gen 
Execute           source /opt/Xilinx/Vivado/2018.2/common/technology/xilinx/ip/util.gen 
Execute           source /opt/Xilinx/Vivado/2018.2/common/technology/xilinx/ip/xfft.gen 
Execute           source /opt/Xilinx/Vivado/2018.2/common/technology/xilinx/ip/xfir.gen 
Execute         source /opt/Xilinx/Vivado/2018.2/common/technology/xilinx/common/dsp48.gen 
Execute     open_platform DefaultPlatform 
Execute     import_lib /opt/Xilinx/Vivado/2018.2/common/technology/xilinx/artix7/artix7_fpv6 
Execute       source /opt/Xilinx/Vivado/2018.2/common/technology/xilinx/common/xilinx_fpv7.lib 
Execute         source /opt/Xilinx/Vivado/2018.2/common/technology/xilinx/common/xilinx_hp.lib 
Execute       source /opt/Xilinx/Vivado/2018.2/common/technology/xilinx/common/xilinx_fpv.hlp 
Execute         source /opt/Xilinx/Vivado/2018.2/common/technology/xilinx/common/xilinx.hlp 
Execute           source /opt/Xilinx/Vivado/2018.2/common/technology/xilinx/common/target_info.tcl 
Execute           source /opt/Xilinx/Vivado/2018.2/common/technology/xilinx/interface/xilinx_interface.hlp 
Execute             source /opt/Xilinx/Vivado/2018.2/common/technology/xilinx/interface/maxi.hlp 
Execute             source /opt/Xilinx/Vivado/2018.2/common/technology/xilinx/interface/saxilite.hlp 
Execute           source /opt/Xilinx/Vivado/2018.2/common/technology/xilinx/common/dsp48.hlp 
Execute       source /opt/Xilinx/Vivado/2018.2/common/technology/xilinx/artix7/artix7_hp.hlp 
Execute     source /opt/Xilinx/Vivado/2018.2/common/technology/xilinx/artix7/artix7_fpv6.gen 
Execute       source /opt/Xilinx/Vivado/2018.2/common/technology/xilinx/common/xilinx_fpv6.gen 
Execute     set_part xc7a100tcsg324-1 
Execute       add_library xilinx/artix7/artix7:xc7a100t:csg324:-1 
Execute         get_default_platform 
Execute         license_isbetapart xc7a100t 
Command         license_isbetapart done; error code: 1; 
Execute         get_default_platform 
Execute         config_chip_info -quiet -resource  {SLICE 15850} {LUT 63400}     {FF 126800} {DSP48E 240}    {BRAM 270}  
Execute         config_chip_info -quiet -speed slow 
Execute       add_library xilinx/artix7/artix7_fpv6 
Execute         get_default_platform 
INFO: [HLS 200-10] Setting target device to 'xc7a100tcsg324-1'
Execute       get_default_platform 
Execute     get_default_platform 
Execute     config_chip_info -quiet -resource  {SLICE 15850} {LUT 63400}     {FF 126800} {DSP48E 240}    {BRAM 270}  
Execute     config_chip_info -quiet -speed slow 
Execute     config_rtl -auto_prefix=0 -encoding=onehot -reset=control -reset_async=0 -reset_level=high -verbose=0 -vivado_impl_strategy=default -vivado_phys_opt=place -vivado_synth_design_args -directive sdx_optimization_effort_high -vivado_synth_strategy=default 
Command   open_solution done; 0.14 sec.
Execute   set_part xc7a100tcsg324-1 -tool vivado 
Execute     add_library xilinx/artix7/artix7:xc7a100t:csg324:-1 
Execute       get_default_platform 
Execute       license_isbetapart xc7a100t 
Command       license_isbetapart done; error code: 1; 
Execute       get_default_platform 
Execute       config_chip_info -quiet -resource  {SLICE 15850} {LUT 63400}     {FF 126800} {DSP48E 240}    {BRAM 270}  
Execute       config_chip_info -quiet -speed slow 
Execute     add_library xilinx/artix7/artix7_fpv6 
Execute       get_default_platform 
Execute     get_default_platform 
Execute   create_clock -period 40 -name default 
Execute     config_clock -quiet -name default -period 40 -default=false 
INFO: [SYN 201-201] Setting up clock 'default' with a period of 40ns.
Execute   config_rtl -encoding onehot -reset control -reset_level high -vivado_impl_strategy default -vivado_phys_opt place -vivado_synth_design_args -directive sdx_optimization_effort_high -vivado_synth_strategy default 
Execute   source ./Rec_Acc/solution1/directives.tcl 
Execute     set_directive_unroll lenet5/L1_1 
INFO-FLOW: Setting directive 'UNROLL' 
Execute     set_directive_interface -mode axis -register_mode off lenet5 img_in 
INFO-FLOW: Setting directive 'UNROLL' 
INFO-FLOW: Setting directive 'INTERFACE' axis=positionBoolean0mode off=positionBoolean0register_mode port=positionBooleanTextRequiredimg_in 
Execute     set_directive_unroll lenet5/L0 
INFO-FLOW: Setting directive 'UNROLL' 
INFO-FLOW: Setting directive 'INTERFACE' axis=positionBoolean0mode off=positionBoolean0register_mode port=positionBooleanTextRequiredimg_in 
INFO-FLOW: Setting directive 'UNROLL' 
Execute     set_directive_interface -mode ap_ctrl_none lenet5 
INFO-FLOW: Setting directive 'UNROLL' 
INFO-FLOW: Setting directive 'INTERFACE' axis=positionBoolean0mode off=positionBoolean0register_mode port=positionBooleanTextRequiredimg_in 
INFO-FLOW: Setting directive 'UNROLL' 
INFO-FLOW: Setting directive 'INTERFACE' ap_ctrl_none=positionBoolean0mode port=positionBooleanTextRequiredreturn 
Execute     set_directive_interface -mode ap_vld lenet5 result 
INFO-FLOW: Setting directive 'UNROLL' 
INFO-FLOW: Setting directive 'INTERFACE' axis=positionBoolean0mode off=positionBoolean0register_mode port=positionBooleanTextRequiredimg_in 
INFO-FLOW: Setting directive 'UNROLL' 
INFO-FLOW: Setting directive 'INTERFACE' ap_ctrl_none=positionBoolean0mode port=positionBooleanTextRequiredreturn 
INFO-FLOW: Setting directive 'INTERFACE' ap_vld=positionBoolean0mode port=positionBooleanTextRequiredresult 
Execute   csynth_design 
Execute     get_config_compile -effort 
Execute     get_config_compile -enable_clang39 
Execute     get_config_compile -g 
Execute     get_config_compile -lm 
Execute     get_config_compile -ng 
Execute     get_config_compile -opt_fp 
Execute     get_config_compile -skip_cdt 
Execute     get_config_compile -skip_syncheck 
Execute     get_config_compile -skip_transform 
Execute     get_config_compile -keep_printf 
Execute     elaborate -effort=medium -skip_syncheck=0 -keep_printf=0 -lm=0 -skip_cdt=0 -skip_transform=0 -ng=0 -g=0 -opt_fp=0 -from_csynth_design=1 
Execute       get_config_schedule -relax_ii_for_timing 
Execute       get_config_schedule -suppress_dependence_error_break 
INFO: [HLS 200-10] Analyzing design file 'src/Rec_Acc.cpp' ... 
INFO-FLOW: Compiling one TU...
Execute       is_m_axi_addr64 
INFO-FLOW: Handling src/Rec_Acc.cpp as C++
Execute       get_default_platform 
Execute       is_encrypted src/Rec_Acc.cpp 
Execute       get_default_platform 
INFO-FLOW: Source preprocessing
Execute       clang  -fno-limit-debug-info -gcc-toolchain "/opt/Xilinx/Vivado/2018.2/lnx64/tools/gcc" -hls  -fno-exceptions  -D__llvm__  -E "src/Rec_Acc.cpp"     -fno-math-errno -c -emit-llvm -O0  -mllvm -disable-llvm-optzns -fno-threadsafe-statics  -fno-use-cxa-atexit  -fno-threadsafe-statics -fno-use-cxa-atexit -D__CLANG_3_1__ -DAESL_SYN -D__SYNTHESIS__ -D__HLS_SYN__ -I "/opt/Xilinx/Vivado/2018.2/common/technology/autopilot" -I "/opt/Xilinx/Vivado/2018.2/common/technology/autopilot/ap_sysc" -include etc/autopilot_ssdm_op.h -D__DSP48E1__  -o "/home/eric/Documents/for_competition/HLS_ACC/CNN_ACC/Rec_Acc/solution1/.autopilot/db/Rec_Acc.pp.0.cpp" 
INFO-FLOW: exec /opt/Xilinx/Vivado/2018.2/lnx64/tools/clang/bin/clang -fno-limit-debug-info -gcc-toolchain /opt/Xilinx/Vivado/2018.2/lnx64/tools/gcc -hls -fno-exceptions -D__llvm__ -E src/Rec_Acc.cpp -fno-math-errno -c -emit-llvm -O0 -mllvm -disable-llvm-optzns -fno-threadsafe-statics -fno-use-cxa-atexit -fno-threadsafe-statics -fno-use-cxa-atexit -D__CLANG_3_1__ -DAESL_SYN -D__SYNTHESIS__ -D__HLS_SYN__ -I /opt/Xilinx/Vivado/2018.2/common/technology/autopilot -I /opt/Xilinx/Vivado/2018.2/common/technology/autopilot/ap_sysc -include etc/autopilot_ssdm_op.h -D__DSP48E1__ -o /home/eric/Documents/for_competition/HLS_ACC/CNN_ACC/Rec_Acc/solution1/.autopilot/db/Rec_Acc.pp.0.cpp
Command       clang done; 0.99 sec.
INFO-FLOW: Syntax Checking before pre-processing...
Execute       clang  -fno-limit-debug-info -gcc-toolchain "/opt/Xilinx/Vivado/2018.2/lnx64/tools/gcc" -hls    -fno-math-errno -c -emit-llvm -O0  -mllvm -disable-llvm-optzns -fno-threadsafe-statics  -fno-use-cxa-atexit  -fno-threadsafe-statics -fno-use-cxa-atexit -D__CLANG_3_1__ -DAESL_SYN -D__SYNTHESIS__ -D__HLS_SYN__ -I "/opt/Xilinx/Vivado/2018.2/common/technology/autopilot" -I "/opt/Xilinx/Vivado/2018.2/common/technology/autopilot/ap_sysc" -include etc/autopilot_ssdm_op.h -D__DSP48E1__  "/home/eric/Documents/for_competition/HLS_ACC/CNN_ACC/Rec_Acc/solution1/.autopilot/db/Rec_Acc.pp.0.cpp"  -o "/home/eric/Documents/for_competition/HLS_ACC/CNN_ACC/Rec_Acc/solution1/.autopilot/db/useless.bc"  
INFO-FLOW: exec /opt/Xilinx/Vivado/2018.2/lnx64/tools/clang/bin/clang -fno-limit-debug-info -gcc-toolchain /opt/Xilinx/Vivado/2018.2/lnx64/tools/gcc -hls -fno-math-errno -c -emit-llvm -O0 -mllvm -disable-llvm-optzns -fno-threadsafe-statics -fno-use-cxa-atexit -fno-threadsafe-statics -fno-use-cxa-atexit -D__CLANG_3_1__ -DAESL_SYN -D__SYNTHESIS__ -D__HLS_SYN__ -I /opt/Xilinx/Vivado/2018.2/common/technology/autopilot -I /opt/Xilinx/Vivado/2018.2/common/technology/autopilot/ap_sysc -include etc/autopilot_ssdm_op.h -D__DSP48E1__ /home/eric/Documents/for_competition/HLS_ACC/CNN_ACC/Rec_Acc/solution1/.autopilot/db/Rec_Acc.pp.0.cpp -o /home/eric/Documents/for_competition/HLS_ACC/CNN_ACC/Rec_Acc/solution1/.autopilot/db/useless.bc
Command       clang done; 1.27 sec.
INFO-FLOW: GCC PP time: 2 seconds per iteration
INFO-FLOW: Setting directive 'UNROLL' 
INFO-FLOW: Setting directive 'INTERFACE' axis=positionBoolean0mode off=positionBoolean0register_mode port=positionBooleanTextRequiredimg_in 
INFO-FLOW: Setting directive 'UNROLL' 
INFO-FLOW: Setting directive 'INTERFACE' ap_ctrl_none=positionBoolean0mode port=positionBooleanTextRequiredreturn 
INFO-FLOW: Setting directive 'INTERFACE' ap_vld=positionBoolean0mode port=positionBooleanTextRequiredresult 
INFO-FLOW: Setting directive 'UNROLL' 
INFO-FLOW: Setting directive 'INTERFACE' axis=positionBoolean0mode off=positionBoolean0register_mode port=positionBooleanTextRequiredimg_in 
INFO-FLOW: Setting directive 'UNROLL' 
INFO-FLOW: Setting directive 'INTERFACE' ap_ctrl_none=positionBoolean0mode port=positionBooleanTextRequiredreturn 
INFO-FLOW: Setting directive 'INTERFACE' ap_vld=positionBoolean0mode port=positionBooleanTextRequiredresult 
Execute       list_core -type functional_unit 
Execute       tidy_31 xilinx-systemc-detector /home/eric/Documents/for_competition/HLS_ACC/CNN_ACC/Rec_Acc/solution1/.autopilot/db/Rec_Acc.pp.0.cpp std=gnu++98 -directive=/home/eric/Documents/for_competition/HLS_ACC/CNN_ACC/Rec_Acc/solution1/.autopilot/db/.systemc_flag 
INFO-FLOW: exec /opt/Xilinx/Vivado/2018.2/lnx64/tools/clang-3.9-csynth/bin/tidy-3.1 -header-filter=.* --checks=-*,xilinx-systemc-detector -import-directive=/home/eric/Documents/for_competition/HLS_ACC/CNN_ACC/Rec_Acc/solution1/.autopilot/db/.systemc_flag -quiet -fix-errors /home/eric/Documents/for_competition/HLS_ACC/CNN_ACC/Rec_Acc/solution1/.autopilot/db/Rec_Acc.pp.0.cpp -- -std=gnu++98 -fhls -ferror-limit=0
Command       tidy_31 done; 0.58 sec.
INFO-FLOW: CDT Preprocessing with tidy-3.1...
Execute       tidy_31 xilinx-directive2pragma /home/eric/Documents/for_competition/HLS_ACC/CNN_ACC/Rec_Acc/solution1/.autopilot/db/Rec_Acc.pp.0.cpp std=gnu++98 -directive=/home/eric/Documents/for_competition/HLS_ACC/CNN_ACC/Rec_Acc/solution1/solution1.json 
INFO-FLOW: exec /opt/Xilinx/Vivado/2018.2/lnx64/tools/clang-3.9-csynth/bin/tidy-3.1 -header-filter=.* --checks=-*,xilinx-directive2pragma -import-directive=/home/eric/Documents/for_competition/HLS_ACC/CNN_ACC/Rec_Acc/solution1/solution1.json -quiet -fix-errors /home/eric/Documents/for_competition/HLS_ACC/CNN_ACC/Rec_Acc/solution1/.autopilot/db/Rec_Acc.pp.0.cpp -- -std=gnu++98 -fhls -ferror-limit=0
Command       tidy_31 done; 0.94 sec.
Execute       get_config_dataflow -strict_mode 
Execute       ap_eval exec -ignorestderr /opt/Xilinx/Vivado/2018.2/lnx64/tools/clang-3.9-csynth/bin/xilinx-dataflow-lawyer -export-fixes=/home/eric/Documents/for_competition/HLS_ACC/CNN_ACC/Rec_Acc/solution1/.autopilot/db/xilinx-dataflow-lawyer.Rec_Acc.pp.0.cpp.diag.yml /home/eric/Documents/for_competition/HLS_ACC/CNN_ACC/Rec_Acc/solution1/.autopilot/db/Rec_Acc.pp.0.cpp -- -std=gnu++98 -fhls -ferror-limit=0 -fstrict-dataflow > /home/eric/Documents/for_competition/HLS_ACC/CNN_ACC/Rec_Acc/solution1/.autopilot/db/xilinx-dataflow-lawyer.Rec_Acc.pp.0.cpp.out.log 2> /home/eric/Documents/for_competition/HLS_ACC/CNN_ACC/Rec_Acc/solution1/.autopilot/db/xilinx-dataflow-lawyer.Rec_Acc.pp.0.cpp.err.log 
Command       ap_eval done; 0.44 sec.
Execute       tidy_31 -errorcheck xilinx-constantarray-param,xilinx-resource-pragma-transformer /home/eric/Documents/for_competition/HLS_ACC/CNN_ACC/Rec_Acc/solution1/.autopilot/db/Rec_Acc.pp.0.cpp std=gnu++98 
INFO-FLOW: exec /opt/Xilinx/Vivado/2018.2/lnx64/tools/clang-3.9-csynth/bin/tidy-3.1 -header-filter=.* --checks=-*,xilinx-constantarray-param,xilinx-resource-pragma-transformer -quiet -fix-errors /home/eric/Documents/for_competition/HLS_ACC/CNN_ACC/Rec_Acc/solution1/.autopilot/db/Rec_Acc.pp.0.cpp -- -std=gnu++98 -fhls -ferror-limit=0
INFO-FLOW: exec /opt/Xilinx/Vivado/2018.2/lnx64/tools/clang-3.9-csynth/bin/xilinx-legacy-rewriter /home/eric/Documents/for_competition/HLS_ACC/CNN_ACC/Rec_Acc/solution1/.autopilot/db/Rec_Acc.pp.0.cpp -- -std=gnu++98 -fhls -ferror-limit=0
Command       tidy_31 done; 1.25 sec.
INFO-FLOW: tidy-3.1 time 2 seconds per iteration
INFO-FLOW: Pragma Handling...
Execute       tidy_31 xilinx-ssdm-intrinsics-arguments /home/eric/Documents/for_competition/HLS_ACC/CNN_ACC/Rec_Acc/solution1/.autopilot/db/Rec_Acc.pragma.1.cpp std=gnu++98 
INFO-FLOW: exec /opt/Xilinx/Vivado/2018.2/lnx64/tools/clang-3.9-csynth/bin/tidy-3.1 -header-filter=.* --checks=-*,xilinx-ssdm-intrinsics-arguments -quiet -fix-errors /home/eric/Documents/for_competition/HLS_ACC/CNN_ACC/Rec_Acc/solution1/.autopilot/db/Rec_Acc.pragma.1.cpp -- -std=gnu++98 -fhls -ferror-limit=0
Command       tidy_31 done; 1.08 sec.
INFO-FLOW: Source preprocessing
Execute       clang  -fno-limit-debug-info -gcc-toolchain "/opt/Xilinx/Vivado/2018.2/lnx64/tools/gcc" -hls  -fno-exceptions  -D__llvm__  -E "/home/eric/Documents/for_competition/HLS_ACC/CNN_ACC/Rec_Acc/solution1/.autopilot/db/Rec_Acc.pragma.1.cpp"     -fno-math-errno -c -emit-llvm -O0  -mllvm -disable-llvm-optzns -fno-threadsafe-statics  -fno-use-cxa-atexit  -fno-threadsafe-statics -fno-use-cxa-atexit -D__CLANG_3_1__ -DAESL_SYN -D__SYNTHESIS__ -D__HLS_SYN__ -I "/opt/Xilinx/Vivado/2018.2/common/technology/autopilot" -I "/opt/Xilinx/Vivado/2018.2/common/technology/autopilot/ap_sysc" -include etc/autopilot_ssdm_op.h -D__DSP48E1__  -o "/home/eric/Documents/for_competition/HLS_ACC/CNN_ACC/Rec_Acc/solution1/.autopilot/db/Rec_Acc.pragma.2.cpp" 
INFO-FLOW: exec /opt/Xilinx/Vivado/2018.2/lnx64/tools/clang/bin/clang -fno-limit-debug-info -gcc-toolchain /opt/Xilinx/Vivado/2018.2/lnx64/tools/gcc -hls -fno-exceptions -D__llvm__ -E /home/eric/Documents/for_competition/HLS_ACC/CNN_ACC/Rec_Acc/solution1/.autopilot/db/Rec_Acc.pragma.1.cpp -fno-math-errno -c -emit-llvm -O0 -mllvm -disable-llvm-optzns -fno-threadsafe-statics -fno-use-cxa-atexit -fno-threadsafe-statics -fno-use-cxa-atexit -D__CLANG_3_1__ -DAESL_SYN -D__SYNTHESIS__ -D__HLS_SYN__ -I /opt/Xilinx/Vivado/2018.2/common/technology/autopilot -I /opt/Xilinx/Vivado/2018.2/common/technology/autopilot/ap_sysc -include etc/autopilot_ssdm_op.h -D__DSP48E1__ -o /home/eric/Documents/for_competition/HLS_ACC/CNN_ACC/Rec_Acc/solution1/.autopilot/db/Rec_Acc.pragma.2.cpp
Command       clang done; 0.96 sec.
Execute       get_default_platform 
INFO-FLOW: Processing labels
Execute       clang -src /home/eric/Documents/for_competition/HLS_ACC/CNN_ACC/Rec_Acc/solution1/.autopilot/db/Rec_Acc.pragma.2.cpp  -fno-limit-debug-info -gcc-toolchain /opt/Xilinx/Vivado/2018.2/lnx64/tools/gcc -hls -hls-analyze-label -hls-analyze-pragma -fno-exceptions  -D__llvm__  -w  "/home/eric/Documents/for_competition/HLS_ACC/CNN_ACC/Rec_Acc/solution1/.autopilot/db/Rec_Acc.pragma.2.cpp"    -fno-math-errno -c -emit-llvm -O0  -mllvm -disable-llvm-optzns -fno-threadsafe-statics  -fno-use-cxa-atexit -DAESL_SYN -D__SYNTHESIS__ -D__HLS_SYN__ -I "/opt/Xilinx/Vivado/2018.2/common/technology/autopilot" -I "/opt/Xilinx/Vivado/2018.2/common/technology/autopilot/ap_sysc" -include etc/autopilot_ssdm_op.h -D__DSP48E1__ -g -o "/home/eric/Documents/for_competition/HLS_ACC/CNN_ACC/Rec_Acc/solution1/.autopilot/db/Rec_Acc.bc" 
INFO-FLOW: exec /opt/Xilinx/Vivado/2018.2/lnx64/tools/clang/bin/clang -fno-limit-debug-info -gcc-toolchain /opt/Xilinx/Vivado/2018.2/lnx64/tools/gcc -hls -hls-analyze-label -hls-analyze-pragma -fno-exceptions -D__llvm__ -w /home/eric/Documents/for_competition/HLS_ACC/CNN_ACC/Rec_Acc/solution1/.autopilot/db/Rec_Acc.pragma.2.cpp -fno-math-errno -c -emit-llvm -O0 -mllvm -disable-llvm-optzns -fno-threadsafe-statics -fno-use-cxa-atexit -DAESL_SYN -D__SYNTHESIS__ -D__HLS_SYN__ -I /opt/Xilinx/Vivado/2018.2/common/technology/autopilot -I /opt/Xilinx/Vivado/2018.2/common/technology/autopilot/ap_sysc -include etc/autopilot_ssdm_op.h -D__DSP48E1__ -g -o /home/eric/Documents/for_competition/HLS_ACC/CNN_ACC/Rec_Acc/solution1/.autopilot/db/Rec_Acc.bc
Command       clang done; 1.28 sec.
INFO-FLOW: Linking Debug ...
Execute       llvm-ld /home/eric/Documents/for_competition/HLS_ACC/CNN_ACC/Rec_Acc/solution1/.autopilot/db/Rec_Acc.g.bc -hls-opt -except-internalize lenet5 -L/opt/Xilinx/Vivado/2018.2/lnx64/lib -lhlsm -lhlsmc++ -o /home/eric/Documents/for_competition/HLS_ACC/CNN_ACC/Rec_Acc/solution1/.autopilot/db/a.g 
Command       llvm-ld done; 0.5 sec.
INFO: [HLS 200-111] Finished Linking Time (s): cpu = 00:00:09 ; elapsed = 00:00:10 . Memory (MB): peak = 375.660 ; gain = 0.105 ; free physical = 1804 ; free virtual = 5483
INFO: [HLS 200-111] Finished Checking Pragmas Time (s): cpu = 00:00:09 ; elapsed = 00:00:10 . Memory (MB): peak = 375.660 ; gain = 0.105 ; free physical = 1804 ; free virtual = 5483
Execute       ::config_rtl 
Execute       opt_and_import_c a -opt_level=2 -skip_syncheck=0 -ng=0 -keep_printf=0 
Execute         cleanup_all_models 
INFO: [HLS 200-10] Starting code transformations ...
Execute         transform -promote-dbg-pointer /home/eric/Documents/for_competition/HLS_ACC/CNN_ACC/Rec_Acc/solution1/.autopilot/db/a.pp.bc -o /home/eric/Documents/for_competition/HLS_ACC/CNN_ACC/Rec_Acc/solution1/.autopilot/db/a.pp.0.bc -f 
Execute         llvm-ld /home/eric/Documents/for_competition/HLS_ACC/CNN_ACC/Rec_Acc/solution1/.autopilot/db/a.pp.0.bc -disable-opt -L/opt/Xilinx/Vivado/2018.2/lnx64/lib -lfloatconversion -o /home/eric/Documents/for_competition/HLS_ACC/CNN_ACC/Rec_Acc/solution1/.autopilot/db/a.g.0 
Command         llvm-ld done; 0.49 sec.
INFO-FLOW: Running Standard Transforms...
Execute         transform -hls -share-std-xform -demangle-name -inline-byval-memcpy -always-inline -promote-dbg-pointer -interface-preproc -scalarrepl -mem2reg -keep-read-access -instcombine -dce -promote-dbg-pointer -bitop-raise -loop-simplify -indvarspre -indvars -loop-simplify -xunroll -constprop -instcombine -simplifycfg -indvars -simplifycfg -dce -globaldce -basicaa -simplifycfg -mem2reg -globalopt -global-constprop -deadargelim -instcombine -simplifycfg -prune-eh -simplifycfg -scalarrepl -instcombine -reassociate -licm -simplifycfg -loop-simplify -indvars -instcombine -simplifycfg -mem2reg -loop-simplify -indvars -instcombine -gvn -gvn -instcombine -adce -break-crit-edges -simplifycfg -loop-delete -global-array-opt -dce -dse -adce -find-syn-modules -top lenet5 -deadargelim -mem2reg -instcombine -dce -presyn-prepare -auto-rom-infer -interface-preproc -syn-check -check-rec-only -find-region -simplifycfg -func-extr -function-inline -globaldce -mem2reg -instcombine -dce -gvn -globaldce -adce -adse -constprop -instcombine -bit-constprop -instcombine -dce -simplifycfg -bitop-raise -simplifycfg -dce -loop-delete -reassociate -globalopt -global-privatize -mem2reg -dce -global-constprop -pointer-simplify -constprop -dce -func-inst -deadargelim -auto-shift-reg-idiom -promote-dbg-pointer -norm-name /home/eric/Documents/for_competition/HLS_ACC/CNN_ACC/Rec_Acc/solution1/.autopilot/db/a.g.0.bc -o /home/eric/Documents/for_competition/HLS_ACC/CNN_ACC/Rec_Acc/solution1/.autopilot/db/a.g.1.bc -f -phase std-opt 
INFO: [HLS 200-111] Finished Standard Transforms Time (s): cpu = 00:00:10 ; elapsed = 00:00:10 . Memory (MB): peak = 375.797 ; gain = 0.242 ; free physical = 1795 ; free virtual = 5478
INFO: [HLS 200-10] Checking synthesizability ...
INFO-FLOW: Checking Synthesizability 1/2..
Execute         transform -hls -syn-check -check-rec-only -disaggr -scalarrepl -norm-name -dce -mem2reg -instcombine -function-uniquify -directive-preproc -mem2reg -dse -dce -auto-rom-infer -dce -array-normalize -instcombine -dce -warn-fifo-pointer -array-seg-normalize -instcombine -dce -array-flatten -instcombine -dce -array-burst -dce -deadargelim -promote-global-argument -simplifycfg -mem2reg -globaldce -resolve-double-ptr -dce -deadargelim -dce -instcombine -function-inline -globaldce -dce -doublePtrSimplify -doublePtrElim -dce -doublePtrSimplify -promote-dbg-pointer -dce -scalarrepl -dse -adse -instcombine -ptrLegalization -simplifycfg -dce -instcombine -pointer-simplify -ptrArgReplace -dce -instcombine -disaggr -scalarrepl -norm-name -dce -mem2reg -instcombine -ptrLegalization -simplifycfg -deadargelim -instcombine -dce -inst-simplify -function-uniquify -directive-preproc -mem2reg -dse -dce -globaldce /home/eric/Documents/for_competition/HLS_ACC/CNN_ACC/Rec_Acc/solution1/.autopilot/db/a.g.1.bc -o /home/eric/Documents/for_competition/HLS_ACC/CNN_ACC/Rec_Acc/solution1/.autopilot/db/a.g.2.prechk.bc -f 
INFO-FLOW: Checking Synthesizability 2/2..
Execute         transform -syn-check /home/eric/Documents/for_competition/HLS_ACC/CNN_ACC/Rec_Acc/solution1/.autopilot/db/a.g.2.prechk.bc -o /home/eric/Documents/for_competition/HLS_ACC/CNN_ACC/Rec_Acc/solution1/.autopilot/db/a.g.2.bc -f -phase syn-check 
INFO: [HLS 200-111] Finished Checking Synthesizability Time (s): cpu = 00:00:10 ; elapsed = 00:00:10 . Memory (MB): peak = 375.797 ; gain = 0.242 ; free physical = 1791 ; free virtual = 5474
INFO-FLOW: Compiler optimizing ...
INFO-FLOW: Share syncheck's 1.bc for syn flow: copy /home/eric/Documents/for_competition/HLS_ACC/CNN_ACC/Rec_Acc/solution1/.autopilot/db/a.g.1.bc to /home/eric/Documents/for_competition/HLS_ACC/CNN_ACC/Rec_Acc/solution1/.autopilot/db/a.o.1.bc
INFO-FLOW: Presyn 1...
Execute         transform -hls -tmp /home/eric/Documents/for_competition/HLS_ACC/CNN_ACC/Rec_Acc/solution1/.autopilot/db -interface-port-rename -type-info -function-uniquify -directive-preproc -mem2reg -dse -dce -disaggr -scalarrepl -norm-name -deadargelim -mem2reg -instcombine -dce -simplifycfg -auto-rom-infer -dce -function-uniquify -resource-proc -simplifycfg -mem2reg -globaldce -resolve-double-ptr -dce -deadargelim -dce -instcombine -clib-intrinsic-prepare -dce -func-buffer -dce -array-normalize -func-legal -instcombine -gvn -constprop -dce -ptrArgReplace -mem2reg -instcombine -dce -array-seg-normalize -deadargelim -instcombine -dce -pointer-simplify -dce -port-alignment -dce -interface-preproc -data-pack -instcombine -dce -basicaa -aggr-aa -aggrmodref-aa -aggr-aa -gvn -gvn -basicaa -aggr-aa -aggrmodref-aa -aggr-aa -dse -adse -adce -loop-simplify -indvars -instcombine -gvn -loop-simplify -mem2reg -dce -find-region -instcombine -auto-loop-pipeline -inst-simplify -interface-preproc -cfgopt -instcombine -indvars -auto-loop-unroll -loop-simplify -loop-bound -xunroll -constprop -instcombine -simplifycfg -indvars -simplifycfg -dce -globaldce -clean-region -attach-range -gvn -inst-simplify -constprop -simplifycfg -dce -pointer-simplify -dce -globalopt -constprop -dce -array-promote -constprop -instcombine -dce -ptrArgReplace -mem2reg -instcombine -simplifycfg -dce -auto-par -instcombine -dce -array-transform-check -array-reshape -instcombine -simplifycfg -dce -ptrArgReplace -deadargelim -mem2reg -instcombine -simplifycfg -dce -indvars -loop-simplify -loop-bound -xunroll -constprop -instcombine -simplifycfg -indvars -simplifycfg -dce -globaldce -duplicate-dataflow-processes -globaldce -instcombine -array-partition -instcombine -simplifycfg -dce -ptrArgReplace -global-constprop -deadargelim -mem2reg -func-legal -instcombine -dce -global-constprop -deadargelim -mem2reg -instcombine -simplifycfg -dce -merge-param -deadargelim -globalopt -constprop -dce -array-promote -constprop -instcombine -dce -ptrArgReplace -mem2reg -instcombine -simplifycfg -dce -mem-intrinsic-preproc -dce -global-internalize -global-privatize -mem2reg -globaldce -promote-global-argument -ptrArgReplace -mem2reg -instcombine -dce -globalopt -mergereturn -simplify-global-access -mem2reg -dce -pointer-simplify -dce -functionattrs -basicaa -aggr-aa -aggrmodref-aa -aggr-aa -gvn -gvn -basicaa -aggr-aa -aggrmodref-aa -aggr-aa -dse -adse -adce -inst-simplify -dce -norm-name -function-inline -globaldce -func-inst -constprop -instcombine -simplifycfg -dce -func-legal -dce -loop-bound -arraycheck -bitwidthmin -on-by-dataflow -loop-delete -instcombine -simplifycfg -globaldce -dce -gvn -deadargelim -dce -loop-simplify -clean-region -simplifycfg -propagate-stable-arguments -loop-stream -instcombine -simplifycfg -dce -globaldce -duplicate-dataflow-processes -stream-intrinsic-preproc -dce -check-ap-stream -loop-simplify -eliminate-keepreads -extract-dataflow-in-loop -loop-simplify -dce -gvn -deadargelim -dse -check-dataflow-syntax -legalize-stream-variable -legalize-global -extract-subproc -dce -dead-channel-elimination -canonicalize-gep -globaldce -dce -gvn -deadargelim -annotate-dataflow-channels -scalar-propagation -deadargelim -globaldce -mem2reg -check-dataflow-channels -function-stream -dce -globaldce -prop-fifo-spec -internal-stream-gen -canonicalize-gep -globaldce -dce -gvn -deadargelim -mergereturn -indvars -loop-simplify -instcombine -array-stream -array-seg-normalize -array-partition -func-legal -instcombine -simplifycfg -dce -bundle-memfifo-ops -deadargelim -function-uniquify -directive-preproc -mem2reg -dse -dce -group-axi-access -licm -simplifycfg -dce -loop-delete -norm-name /home/eric/Documents/for_competition/HLS_ACC/CNN_ACC/Rec_Acc/solution1/.autopilot/db/a.o.1.bc -o /home/eric/Documents/for_competition/HLS_ACC/CNN_ACC/Rec_Acc/solution1/.autopilot/db/a.o.1.tmp.bc -f 
WARNING: [XFORM 203-1103] Ignored data pack directive on non-struct variable 'img_in.data.V' (src/Rec_Acc.cpp:24).
INFO: [XFORM 203-501] Unrolling loop 'L0' (src/Rec_Acc.cpp:33) in function 'lenet5' completely.
INFO: [XFORM 203-501] Unrolling loop 'L1_1' (src/Rec_Acc.cpp:42) in function 'lenet5' completely.
Command         transform done; 0.37 sec.
INFO-FLOW: Presyn 2...
Execute         transform -hls -keep-callgraph -scalarrepl -mem2reg -port-alignment -attach-range -dce -pipe-mux-gen -indvars -loop-bound -inst-simplify -instcombine -dce -merge-array-access -mem2reg -dce -clean-region -mergereturn -if-conv -instcombine -dce -constprop -basicaa -aggr-aa -aggrmodref-aa -aggr-aa -gvn -gvn -basicaa -aggr-aa -aggrmodref-aa -aggr-aa -dse -adse -adce -scalarrepl -mem2reg -global-constprop -deadargelim -deadargelim -instcombine -dce -simplifycfg -ptrArgReplace -mem2reg -function-inline -globaldce -mem2reg -instcombine -dce -expr-balance -instcombine -dce -bitwidthmin -interface-preproc -directive-preproc -inst-rectify -instcombine -dce -functionattrs -constprop -instcombine -bit-constprop -simplify-global-access -globalopt -globaldce -inst-simplify -instcombine -elimdeaddata -dce -loop-delete -simplifycfg -loop-simplify -auto-burst -norm-name /home/eric/Documents/for_competition/HLS_ACC/CNN_ACC/Rec_Acc/solution1/.autopilot/db/a.o.1.tmp.bc -o /home/eric/Documents/for_competition/HLS_ACC/CNN_ACC/Rec_Acc/solution1/.autopilot/db/a.o.2.bc -f -phase presyn 
Command         transform done; 0.28 sec.
INFO: [HLS 200-111] Finished Pre-synthesis Time (s): cpu = 00:00:11 ; elapsed = 00:00:11 . Memory (MB): peak = 503.555 ; gain = 128.000 ; free physical = 1761 ; free virtual = 5447
INFO-FLOW: Building ssdm...
Execute         transform -hls -function-uniquify -auto-function-inline -globaldce -ptrArgReplace -mem2reg -instcombine -dce -reset-lda -loop-simplify -indvars -licm -loop-dep -loop-bound -licm -loop-simplify -flattenloopnest -array-flatten -gvn -instcombine -dce -array-map -dce -func-legal -gvn -adce -instcombine -cfgopt -simplifycfg -loop-simplify -array-burst -promote-global-argument -dce -axi4-lower -array-seg-normalize -basicaa -aggrmodref-aa -globalsmodref-aa -aggr-aa -gvn -gvn -basicaa -aggrmodref-aa -globalsmodref-aa -aggr-aa -dse -adse -adce -licm -inst-simplify -dce -globaldce -instcombine -array-stream -eliminate-keepreads -instcombine -dce -deadargelim -doublePtrSimplify -doublePtrElim -dce -doublePtrSimplify -promote-dbg-pointer -dce -scalarrepl -mem2reg -disaggr -norm-name -mem2reg -instcombine -dse -adse -adce -ptrLegalization -dce -auto-rom-infer -array-flatten -dce -instcombine -check-doubleptr -loop-rot -constprop -cfgopt -simplifycfg -loop-simplify -indvars -pointer-simplify -dce -loop-bound -loop-simplify -loop-preproc -constprop -global-constprop -gvn -mem2reg -instcombine -dce -loop-bound -loop-merge -dce -bitwidthmin -deadargelim -dce -canonicalize-dataflow -dce -scalar-propagation -deadargelim -globaldce -mem2reg -read-loop-dep -interface-preproc -directive-preproc -interface-gen -bram-byte-enable -deadargelim -inst-simplify -dce -gvn -mem2reg -instcombine -dce -adse -loop-bound -instcombine -cfgopt -simplifycfg -loop-simplify -clean-region -io-protocol -find-region -mem2reg -bitop-raise -inst-simplify -inst-rectify -instcombine -adce -deadargelim -loop-simplify -phi-opt -bitop-raise -cfgopt -simplifycfg -strip-dead-prototypes -interface-lower -bitop-lower -intrinsic-lower -auto-function-inline -basicaa -aggrmodref-aa -globalsmodref-aa -aggr-aa -inst-simplify -simplifycfg -loop-simplify -mergereturn -inst-simplify -inst-rectify -dce -load-elim -bitop-lower -loop-rewind -pointer-simplify -dce -cfgopt -dce -bitwidth -loop-dep -read-loop-dep -dce -check-stream -norm-name -legalize -validate-dataflow -dead-allocation-elimination -cdfg-build /home/eric/Documents/for_competition/HLS_ACC/CNN_ACC/Rec_Acc/solution1/.autopilot/db/a.o.2.bc -o /home/eric/Documents/for_competition/HLS_ACC/CNN_ACC/Rec_Acc/solution1/.autopilot/db/a.o.3.bc -f -phase build-ssdm 
Command         transform done; 0.61 sec.
INFO: [HLS 200-111] Finished Architecture Synthesis Time (s): cpu = 00:00:11 ; elapsed = 00:00:12 . Memory (MB): peak = 503.555 ; gain = 128.000 ; free physical = 1760 ; free virtual = 5446
INFO-FLOW: Finish building internal data model.
Command       opt_and_import_c done; 1.84 sec.
Command     elaborate done; 11.35 sec.
Execute     autosyn -from_csynth_design=1 
INFO: [HLS 200-10] Starting hardware synthesis ...
INFO-FLOW: Synthesizing C/C++ design ...
INFO: [HLS 200-10] Synthesizing 'lenet5' ...
Execute       ap_set_top_model lenet5 
Execute       get_model_list lenet5 -filter all-wo-channel -topdown 
Execute       preproc_iomode -model lenet5 
Execute       get_model_list lenet5 -filter all-wo-channel 
INFO-FLOW: Model list for configure: lenet5
INFO-FLOW: Configuring Module : lenet5 ...
Execute       set_default_model lenet5 
Execute       apply_spec_resource_limit lenet5 
INFO-FLOW: Model list for preprocess: lenet5
INFO-FLOW: Preprocessing Module: lenet5 ...
Execute       set_default_model lenet5 
Execute       cdfg_preprocess -model lenet5 
Execute       rtl_gen_preprocess lenet5 
INFO-FLOW: Model list for synthesis: lenet5
INFO: [HLS 200-10] ----------------------------------------------------------------
INFO: [HLS 200-42] -- Implementing module 'lenet5' 
INFO: [HLS 200-10] ----------------------------------------------------------------
Execute       set_default_model lenet5 
Execute       schedule -model lenet5 
INFO: [SCHED 204-11] Starting scheduling ...
INFO: [SCHED 204-11] Finished scheduling.
Command       schedule done; 0.17 sec.
INFO: [HLS 200-111]  Elapsed time: 11.86 seconds; current allocated memory: 84.637 MB.
Execute       report -o /home/eric/Documents/for_competition/HLS_ACC/CNN_ACC/Rec_Acc/solution1/.autopilot/db/lenet5.verbose.sched.rpt -verbose -f 
INFO: [HLS 200-434] Only 0 loops out of a total 58 loops have been pipelined in this design.
Execute       db_write -o /home/eric/Documents/for_competition/HLS_ACC/CNN_ACC/Rec_Acc/solution1/.autopilot/db/lenet5.sched.adb -f 
INFO-FLOW: Finish scheduling lenet5.
Execute       set_default_model lenet5 
Execute       bind -model lenet5 
BIND OPTION: fu_weight=[ 0.0 -- 1.0 ]
BIND OPTION: model=lenet5
BIND OPTION: reg_weight=[ 0.0 -- 1.0 ]
INFO: [BIND 205-100] Starting micro-architecture generation ...
INFO: [BIND 205-101] Performing variable lifetime analysis.
INFO: [BIND 205-101] Exploring resource sharing.
INFO: [BIND 205-101] Binding ...
INFO: [BIND 205-100] Finished micro-architecture generation.
INFO: [HLS 200-111]  Elapsed time: 0.14 seconds; current allocated memory: 86.310 MB.
Execute       report -o /home/eric/Documents/for_competition/HLS_ACC/CNN_ACC/Rec_Acc/solution1/.autopilot/db/lenet5.verbose.bind.rpt -verbose -f 
Command       report done; 0.15 sec.
Execute       db_write -o /home/eric/Documents/for_competition/HLS_ACC/CNN_ACC/Rec_Acc/solution1/.autopilot/db/lenet5.bind.adb -f 
INFO-FLOW: Finish binding lenet5.
Execute       get_model_list lenet5 -filter all-wo-channel 
INFO-FLOW: Preprocessing for RTLGen ...
Execute       rtl_gen_preprocess lenet5 
INFO-FLOW: Model list for RTL generation: lenet5
INFO: [HLS 200-10] ----------------------------------------------------------------
INFO: [HLS 200-10] -- Generating RTL for module 'lenet5' 
INFO: [HLS 200-10] ----------------------------------------------------------------
Execute       get_config_rtl -prefix 
Execute       get_config_rtl -auto_prefix 
Execute       create_rtl_model lenet5 -vendor xilinx -mg_file /home/eric/Documents/for_competition/HLS_ACC/CNN_ACC/Rec_Acc/solution1/.autopilot/db/lenet5.compgen.tcl 
WARNING: [RTGEN 206-101] Design contains AXI ports. Reset is fixed to synchronous and active low.
INFO: [RTGEN 206-500] Setting interface mode on port 'lenet5/img_in_data_V' to 'axis'.
INFO: [RTGEN 206-500] Setting interface mode on port 'lenet5/img_in_keep_V' to 'axis'.
INFO: [RTGEN 206-500] Setting interface mode on port 'lenet5/img_in_last_V' to 'axis'.
INFO: [RTGEN 206-500] Setting interface mode on port 'lenet5/img_in_user_V' to 'axis'.
INFO: [RTGEN 206-500] Setting interface mode on port 'lenet5/result_V' to 'ap_vld'.
INFO: [RTGEN 206-500] Setting interface mode on port 'lenet5/enable_V' to 'ap_none'.
INFO: [RTGEN 206-500] Setting interface mode on port 'lenet5/clear_V' to 'ap_none'.
INFO: [RTGEN 206-500] Setting interface mode on function 'lenet5' to 'ap_ctrl_none'.
INFO: [RTGEN 206-100] Finished creating RTL model for 'lenet5'.
INFO: [HLS 200-111]  Elapsed time: 0.24 seconds; current allocated memory: 89.003 MB.
Execute       source /home/eric/Documents/for_competition/HLS_ACC/CNN_ACC/Rec_Acc/solution1/.autopilot/db/lenet5.rtl_wrap.cfg.tcl 
Execute       gen_rtl lenet5 -istop -style xilinx -tracefl mytrace -tracefmt vcd -traceopt all -f -lang sc -o /home/eric/Documents/for_competition/HLS_ACC/CNN_ACC/Rec_Acc/solution1/syn/systemc/lenet5 -synmodules lenet5 
Execute       gen_rtl lenet5 -istop -style xilinx -f -lang vhdl -o /home/eric/Documents/for_competition/HLS_ACC/CNN_ACC/Rec_Acc/solution1/syn/vhdl/lenet5 
Execute       gen_rtl lenet5 -istop -style xilinx -f -lang vlog -o /home/eric/Documents/for_competition/HLS_ACC/CNN_ACC/Rec_Acc/solution1/syn/verilog/lenet5 
Execute       export_constraint_db -o /home/eric/Documents/for_competition/HLS_ACC/CNN_ACC/Rec_Acc/solution1/.autopilot/db/lenet5.constraint.tcl -f -tool general 
Execute       report -model lenet5 -o /home/eric/Documents/for_competition/HLS_ACC/CNN_ACC/Rec_Acc/solution1/.autopilot/db/lenet5.design.xml -verbose -f -dv 
Execute       report -model lenet5 -o /home/eric/Documents/for_competition/HLS_ACC/CNN_ACC/Rec_Acc/solution1/.autopilot/db/lenet5.sdaccel.xml -verbose -f -sdaccel 
Command       report done; 0.15 sec.
Execute       gen_tb_info lenet5 -o /home/eric/Documents/for_competition/HLS_ACC/CNN_ACC/Rec_Acc/solution1/.autopilot/db/lenet5 -p /home/eric/Documents/for_competition/HLS_ACC/CNN_ACC/Rec_Acc/solution1/.autopilot/db 
Execute       report -model lenet5 -o /home/eric/Documents/for_competition/HLS_ACC/CNN_ACC/Rec_Acc/solution1/syn/report/lenet5_csynth.rpt -f 
Execute       report -model lenet5 -o /home/eric/Documents/for_competition/HLS_ACC/CNN_ACC/Rec_Acc/solution1/syn/report/lenet5_csynth.xml -f -x 
Execute       report -model lenet5 -o /home/eric/Documents/for_competition/HLS_ACC/CNN_ACC/Rec_Acc/solution1/.autopilot/db/lenet5.verbose.rpt -verbose -f 
Command       report done; 0.2 sec.
Execute       db_write -model lenet5 -o /home/eric/Documents/for_competition/HLS_ACC/CNN_ACC/Rec_Acc/solution1/.autopilot/db/lenet5.adb -f 
Command       db_write done; 0.12 sec.
Execute       sc_get_clocks lenet5 
Execute       sc_get_portdomain lenet5 
INFO-FLOW: Model list for RTL component generation: lenet5
INFO-FLOW: Handling components in module [lenet5] ... 
Execute       source /home/eric/Documents/for_competition/HLS_ACC/CNN_ACC/Rec_Acc/solution1/.autopilot/db/lenet5.compgen.tcl 
INFO-FLOW: Found component lenet5_sum.
INFO-FLOW: Append model lenet5_sum
INFO-FLOW: Append model lenet5
INFO-FLOW: Generating RTL model list ...
INFO-FLOW: All models in this session: lenet5_sum lenet5
INFO-FLOW: To file: write model lenet5_sum
INFO-FLOW: To file: write model lenet5
INFO-FLOW: Finished generating RTL model list.


INFO-FLOW: RTL Generation done.
INFO-FLOW: CAS Generation done.
INFO-FLOW: CBC Generation done.
Execute       get_config_sdx -target 
Execute       source /home/eric/Documents/for_competition/HLS_ACC/CNN_ACC/Rec_Acc/solution1/.autopilot/db/global.setting.tcl 
Execute       source /opt/Xilinx/Vivado/2018.2/common/technology/generic/autopilot/common.gen 
Execute         source /opt/Xilinx/Vivado/2018.2/common/technology/generic/autopilot/APCoreGen.gen 
Execute       source /opt/Xilinx/Vivado/2018.2/common/technology/generic/autopilot/op.gen 
Execute       source /opt/Xilinx/Vivado/2018.2/common/technology/generic/autopilot/op_simcore.gen 
Execute       source /opt/Xilinx/Vivado/2018.2/common/technology/generic/autopilot/interface.gen 
Execute       source /home/eric/Documents/for_competition/HLS_ACC/CNN_ACC/Rec_Acc/solution1/.autopilot/db/global.setting.tcl 
Execute       source /opt/Xilinx/Vivado/2018.2/common/technology/xilinx/artix7/artix7.gen 
Execute         source /opt/Xilinx/Vivado/2018.2/common/technology/xilinx/common/virtex.gen 
Execute           source /opt/Xilinx/Vivado/2018.2/common/technology/xilinx/common/xilinx.gen 
Execute             source /opt/Xilinx/Vivado/2018.2/common/technology/xilinx/interface/plb46.gen 
Execute             source /opt/Xilinx/Vivado/2018.2/common/technology/xilinx/interface/fsl.gen 
Execute             source /opt/Xilinx/Vivado/2018.2/common/technology/xilinx/interface/axi4.gen 
Execute             source /opt/Xilinx/Vivado/2018.2/common/technology/xilinx/interface/nativeAXI4.gen 
Execute               source /opt/Xilinx/Vivado/2018.2/common/technology/xilinx/interface/saxilite.gen 
Execute               source /opt/Xilinx/Vivado/2018.2/common/technology/xilinx/interface/maxi.gen 
Execute             source /opt/Xilinx/Vivado/2018.2/common/technology/xilinx/scripts/xilinxcoregen.gen 
Execute             source /opt/Xilinx/Vivado/2018.2/common/technology/xilinx/interface/XilEDKCoreGen.gen 
Execute             source /opt/Xilinx/Vivado/2018.2/common/technology/xilinx/ip/dds_compiler.gen 
Execute             source /opt/Xilinx/Vivado/2018.2/common/technology/xilinx/ip/util.gen 
Execute             source /opt/Xilinx/Vivado/2018.2/common/technology/xilinx/ip/xfft.gen 
Execute             source /opt/Xilinx/Vivado/2018.2/common/technology/xilinx/ip/xfir.gen 
Execute           source /opt/Xilinx/Vivado/2018.2/common/technology/xilinx/common/dsp48.gen 
Execute       source /opt/Xilinx/Vivado/2018.2/common/technology/xilinx/artix7/artix7_fpv6.gen 
Execute         source /opt/Xilinx/Vivado/2018.2/common/technology/xilinx/common/xilinx_fpv6.gen 
Execute       source /home/eric/Documents/for_competition/HLS_ACC/CNN_ACC/Rec_Acc/solution1/.autopilot/db/global.setting.tcl 
Execute       source /home/eric/Documents/for_competition/HLS_ACC/CNN_ACC/Rec_Acc/solution1/.autopilot/db/global.setting.tcl 
Execute       source /home/eric/Documents/for_competition/HLS_ACC/CNN_ACC/Rec_Acc/solution1/.autopilot/db/global.setting.tcl 
Execute       source /home/eric/Documents/for_competition/HLS_ACC/CNN_ACC/Rec_Acc/solution1/.autopilot/db/lenet5.compgen.tcl 
INFO: [RTMG 210-278] Implementing memory 'lenet5_sum_ram (RAM)' using block RAMs.
Execute       get_config_sdx -target 
Execute       source /home/eric/Documents/for_competition/HLS_ACC/CNN_ACC/Rec_Acc/solution1/.autopilot/db/global.setting.tcl 
Execute       source /opt/Xilinx/Vivado/2018.2/common/technology/generic/autopilot/common.gen 
Execute         source /opt/Xilinx/Vivado/2018.2/common/technology/generic/autopilot/APCoreGen.gen 
Execute       source /opt/Xilinx/Vivado/2018.2/common/technology/generic/autopilot/op.gen 
Execute       source /opt/Xilinx/Vivado/2018.2/common/technology/generic/autopilot/op_simcore.gen 
Execute       source /opt/Xilinx/Vivado/2018.2/common/technology/generic/autopilot/interface.gen 
Execute       source /home/eric/Documents/for_competition/HLS_ACC/CNN_ACC/Rec_Acc/solution1/.autopilot/db/global.setting.tcl 
Execute       source /opt/Xilinx/Vivado/2018.2/common/technology/xilinx/artix7/artix7.gen 
Execute         source /opt/Xilinx/Vivado/2018.2/common/technology/xilinx/common/virtex.gen 
Execute           source /opt/Xilinx/Vivado/2018.2/common/technology/xilinx/common/xilinx.gen 
Execute             source /opt/Xilinx/Vivado/2018.2/common/technology/xilinx/interface/plb46.gen 
Execute             source /opt/Xilinx/Vivado/2018.2/common/technology/xilinx/interface/fsl.gen 
Execute             source /opt/Xilinx/Vivado/2018.2/common/technology/xilinx/interface/axi4.gen 
Execute             source /opt/Xilinx/Vivado/2018.2/common/technology/xilinx/interface/nativeAXI4.gen 
Execute               source /opt/Xilinx/Vivado/2018.2/common/technology/xilinx/interface/saxilite.gen 
Execute               source /opt/Xilinx/Vivado/2018.2/common/technology/xilinx/interface/maxi.gen 
Execute             source /opt/Xilinx/Vivado/2018.2/common/technology/xilinx/scripts/xilinxcoregen.gen 
Execute             source /opt/Xilinx/Vivado/2018.2/common/technology/xilinx/interface/XilEDKCoreGen.gen 
Execute             source /opt/Xilinx/Vivado/2018.2/common/technology/xilinx/ip/dds_compiler.gen 
Execute             source /opt/Xilinx/Vivado/2018.2/common/technology/xilinx/ip/util.gen 
Execute             source /opt/Xilinx/Vivado/2018.2/common/technology/xilinx/ip/xfft.gen 
Execute             source /opt/Xilinx/Vivado/2018.2/common/technology/xilinx/ip/xfir.gen 
Execute           source /opt/Xilinx/Vivado/2018.2/common/technology/xilinx/common/dsp48.gen 
Execute       source /opt/Xilinx/Vivado/2018.2/common/technology/xilinx/artix7/artix7_fpv6.gen 
Execute         source /opt/Xilinx/Vivado/2018.2/common/technology/xilinx/common/xilinx_fpv6.gen 
Execute       source /home/eric/Documents/for_competition/HLS_ACC/CNN_ACC/Rec_Acc/solution1/.autopilot/db/lenet5.rtl_wrap.cfg.tcl 
Execute       source /home/eric/Documents/for_competition/HLS_ACC/CNN_ACC/Rec_Acc/solution1/.autopilot/db/lenet5.rtl_wrap.cfg.tcl 
Execute       source /home/eric/Documents/for_competition/HLS_ACC/CNN_ACC/Rec_Acc/solution1/.autopilot/db/lenet5.rtl_wrap.cfg.tcl 
Execute       source /home/eric/Documents/for_competition/HLS_ACC/CNN_ACC/Rec_Acc/solution1/.autopilot/db/lenet5.tbgen.tcl 
Execute       source /home/eric/Documents/for_competition/HLS_ACC/CNN_ACC/Rec_Acc/solution1/.autopilot/db/lenet5.tbgen.tcl 
Execute       source /home/eric/Documents/for_competition/HLS_ACC/CNN_ACC/Rec_Acc/solution1/.autopilot/db/global.setting.tcl 
Execute       source /home/eric/Documents/for_competition/HLS_ACC/CNN_ACC/Rec_Acc/solution1/.autopilot/db/lenet5.compgen.tcl 
Execute       source /home/eric/Documents/for_competition/HLS_ACC/CNN_ACC/Rec_Acc/solution1/.autopilot/db/global.setting.tcl 
Execute       source /home/eric/Documents/for_competition/HLS_ACC/CNN_ACC/Rec_Acc/solution1/.autopilot/db/lenet5.compgen.tcl 
Execute       source /home/eric/Documents/for_competition/HLS_ACC/CNN_ACC/Rec_Acc/solution1/.autopilot/db/global.setting.tcl 
Execute       source /home/eric/Documents/for_competition/HLS_ACC/CNN_ACC/Rec_Acc/solution1/.autopilot/db/lenet5.compgen.tcl 
Execute       source /home/eric/Documents/for_competition/HLS_ACC/CNN_ACC/Rec_Acc/solution1/.autopilot/db/global.setting.tcl 
Execute       source /home/eric/Documents/for_competition/HLS_ACC/CNN_ACC/Rec_Acc/solution1/.autopilot/db/lenet5.constraint.tcl 
Execute       source /home/eric/Documents/for_competition/HLS_ACC/CNN_ACC/Rec_Acc/solution1/.autopilot/db/lenet5.tbgen.tcl 
Execute       source /home/eric/Documents/for_competition/HLS_ACC/CNN_ACC/Rec_Acc/solution1/.autopilot/db/global.setting.tcl 
Execute       source /home/eric/Documents/for_competition/HLS_ACC/CNN_ACC/Rec_Acc/solution1/.autopilot/db/global.setting.tcl 
Execute       source /home/eric/Documents/for_competition/HLS_ACC/CNN_ACC/Rec_Acc/solution1/.autopilot/db/global.setting.tcl 
Execute       source /home/eric/Documents/for_competition/HLS_ACC/CNN_ACC/Rec_Acc/solution1/.autopilot/db/lenet5.tbgen.tcl 
Execute       source /home/eric/Documents/for_competition/HLS_ACC/CNN_ACC/Rec_Acc/solution1/.autopilot/db/global.setting.tcl 
Execute       source /home/eric/Documents/for_competition/HLS_ACC/CNN_ACC/Rec_Acc/solution1/.autopilot/db/lenet5.constraint.tcl 
Execute       sc_get_clocks lenet5 
Execute       source /home/eric/Documents/for_competition/HLS_ACC/CNN_ACC/Rec_Acc/solution1/.autopilot/db/global.setting.tcl 
Execute       get_config_sdx -target 
Execute       get_config_sdx -profile 
Execute       ::config_rtl 
INFO: [HLS 200-111] Finished generating all RTL models Time (s): cpu = 00:00:13 ; elapsed = 00:00:13 . Memory (MB): peak = 503.555 ; gain = 128.000 ; free physical = 1741 ; free virtual = 5430
INFO: [SYSC 207-301] Generating SystemC RTL for lenet5.
INFO: [VHDL 208-304] Generating VHDL RTL for lenet5.
INFO: [VLOG 209-307] Generating Verilog RTL for lenet5.
Command     autosyn done; 1.75 sec.
Command   csynth_design done; 13.1 sec.
Command ap_source done; 13.27 sec.
Execute cleanup_all 
INFO-FLOW: Workspace /home/eric/Documents/for_competition/HLS_ACC/CNN_ACC/Rec_Acc/solution1 opened at Fri Jul 12 10:26:31 CST 2019
Execute     config_clock -quiet -name default -period 40 -default=false 
INFO: [SYN 201-201] Setting up clock 'default' with a period of 40ns.
Execute     open_platform DefaultPlatform 
Execute     import_lib /opt/Xilinx/Vivado/2018.2/common/technology/xilinx/artix7/artix7 
Execute       source /opt/Xilinx/Vivado/2018.2/common/technology/xilinx/common/xilinx.lib 
Execute         source /opt/Xilinx/Vivado/2018.2/common/technology/xilinx/interface/xilinx_interface.lib 
Execute           source /opt/Xilinx/Vivado/2018.2/common/technology/xilinx/interface/plb46.lib 
Execute           source /opt/Xilinx/Vivado/2018.2/common/technology/xilinx/interface/fsl.lib 
Execute           source /opt/Xilinx/Vivado/2018.2/common/technology/xilinx/interface/axi4.lib 
Execute           source /opt/Xilinx/Vivado/2018.2/common/technology/xilinx/interface/maxi.lib 
Execute           source /opt/Xilinx/Vivado/2018.2/common/technology/xilinx/interface/saxilite.lib 
Execute         source /opt/Xilinx/Vivado/2018.2/common/technology/xilinx/common/dsp48.lib 
Execute         source /opt/Xilinx/Vivado/2018.2/common/technology/xilinx/ip/xfir.lib 
Execute         source /opt/Xilinx/Vivado/2018.2/common/technology/xilinx/ip/xfft.lib 
Execute         source /opt/Xilinx/Vivado/2018.2/common/technology/xilinx/ip/dds_compiler.lib 
Execute       source /opt/Xilinx/Vivado/2018.2/common/technology/xilinx/common/xilinx_old.lib 
Execute       source /opt/Xilinx/Vivado/2018.2/common/technology/xilinx/common/xilinx_vivado.lib 
Execute       source /opt/Xilinx/Vivado/2018.2/common/technology/xilinx/common/xilinx.hlp 
Execute         source /opt/Xilinx/Vivado/2018.2/common/technology/xilinx/common/target_info.tcl 
Execute         source /opt/Xilinx/Vivado/2018.2/common/technology/xilinx/interface/xilinx_interface.hlp 
Execute           source /opt/Xilinx/Vivado/2018.2/common/technology/xilinx/interface/maxi.hlp 
Execute           source /opt/Xilinx/Vivado/2018.2/common/technology/xilinx/interface/saxilite.hlp 
Execute         source /opt/Xilinx/Vivado/2018.2/common/technology/xilinx/common/dsp48.hlp 
Execute       source /opt/Xilinx/Vivado/2018.2/common/technology/xilinx/artix7/dsp48e1.hlp 
Execute       get_default_platform 
Execute       config_chip_info -quiet -resource  {SLICE 15850} {LUT 63400}     {FF 126800} {DSP48E 240}    {BRAM 270}  
Execute       config_chip_info -quiet -speed medium 
Execute       source /opt/Xilinx/Vivado/2018.2/common/technology/xilinx/common/xilinx.hlp 
Execute         source /opt/Xilinx/Vivado/2018.2/common/technology/xilinx/common/target_info.tcl 
Execute         source /opt/Xilinx/Vivado/2018.2/common/technology/xilinx/interface/xilinx_interface.hlp 
Execute           source /opt/Xilinx/Vivado/2018.2/common/technology/xilinx/interface/maxi.hlp 
Execute           source /opt/Xilinx/Vivado/2018.2/common/technology/xilinx/interface/saxilite.hlp 
Execute         source /opt/Xilinx/Vivado/2018.2/common/technology/xilinx/common/dsp48.hlp 
Execute     source /opt/Xilinx/Vivado/2018.2/common/technology/xilinx/artix7/artix7.gen 
Execute       source /opt/Xilinx/Vivado/2018.2/common/technology/xilinx/common/virtex.gen 
Execute         source /opt/Xilinx/Vivado/2018.2/common/technology/xilinx/common/xilinx.gen 
Execute           source /opt/Xilinx/Vivado/2018.2/common/technology/xilinx/interface/plb46.gen 
Execute           source /opt/Xilinx/Vivado/2018.2/common/technology/xilinx/interface/fsl.gen 
Execute           source /opt/Xilinx/Vivado/2018.2/common/technology/xilinx/interface/axi4.gen 
Execute           source /opt/Xilinx/Vivado/2018.2/common/technology/xilinx/interface/nativeAXI4.gen 
Execute             source /opt/Xilinx/Vivado/2018.2/common/technology/xilinx/interface/saxilite.gen 
Execute             source /opt/Xilinx/Vivado/2018.2/common/technology/xilinx/interface/maxi.gen 
Execute           source /opt/Xilinx/Vivado/2018.2/common/technology/xilinx/scripts/xilinxcoregen.gen 
Execute           source /opt/Xilinx/Vivado/2018.2/common/technology/xilinx/interface/XilEDKCoreGen.gen 
Execute           source /opt/Xilinx/Vivado/2018.2/common/technology/xilinx/ip/dds_compiler.gen 
Execute           source /opt/Xilinx/Vivado/2018.2/common/technology/xilinx/ip/util.gen 
Execute           source /opt/Xilinx/Vivado/2018.2/common/technology/xilinx/ip/xfft.gen 
Execute           source /opt/Xilinx/Vivado/2018.2/common/technology/xilinx/ip/xfir.gen 
Execute         source /opt/Xilinx/Vivado/2018.2/common/technology/xilinx/common/dsp48.gen 
Execute     open_platform DefaultPlatform 
Execute     import_lib /opt/Xilinx/Vivado/2018.2/common/technology/xilinx/artix7/artix7_fpv6 
Execute       source /opt/Xilinx/Vivado/2018.2/common/technology/xilinx/common/xilinx_fpv7.lib 
Execute         source /opt/Xilinx/Vivado/2018.2/common/technology/xilinx/common/xilinx_hp.lib 
Execute       source /opt/Xilinx/Vivado/2018.2/common/technology/xilinx/common/xilinx_fpv.hlp 
Execute         source /opt/Xilinx/Vivado/2018.2/common/technology/xilinx/common/xilinx.hlp 
Execute           source /opt/Xilinx/Vivado/2018.2/common/technology/xilinx/common/target_info.tcl 
Execute           source /opt/Xilinx/Vivado/2018.2/common/technology/xilinx/interface/xilinx_interface.hlp 
Execute             source /opt/Xilinx/Vivado/2018.2/common/technology/xilinx/interface/maxi.hlp 
Execute             source /opt/Xilinx/Vivado/2018.2/common/technology/xilinx/interface/saxilite.hlp 
Execute           source /opt/Xilinx/Vivado/2018.2/common/technology/xilinx/common/dsp48.hlp 
Execute       source /opt/Xilinx/Vivado/2018.2/common/technology/xilinx/artix7/artix7_hp.hlp 
Execute     source /opt/Xilinx/Vivado/2018.2/common/technology/xilinx/artix7/artix7_fpv6.gen 
Execute       source /opt/Xilinx/Vivado/2018.2/common/technology/xilinx/common/xilinx_fpv6.gen 
Execute     set_part xc7a100tcsg324-1 
Execute       add_library xilinx/artix7/artix7:xc7a100t:csg324:-1 
Execute         get_default_platform 
Execute         license_isbetapart xc7a100t 
Command         license_isbetapart done; error code: 1; 
Execute         get_default_platform 
Execute         config_chip_info -quiet -resource  {SLICE 15850} {LUT 63400}     {FF 126800} {DSP48E 240}    {BRAM 270}  
Execute         config_chip_info -quiet -speed slow 
Execute       add_library xilinx/artix7/artix7_fpv6 
Execute         get_default_platform 
INFO: [HLS 200-10] Setting target device to 'xc7a100tcsg324-1'
Execute       get_default_platform 
Execute     get_default_platform 
Execute     config_chip_info -quiet -resource  {SLICE 15850} {LUT 63400}     {FF 126800} {DSP48E 240}    {BRAM 270}  
Execute     config_chip_info -quiet -speed slow 
Execute     config_rtl -auto_prefix=0 -encoding=onehot -reset=control -reset_async=0 -reset_level=high -verbose=0 -vivado_impl_strategy=default -vivado_phys_opt=place -vivado_synth_design_args -directive sdx_optimization_effort_high -vivado_synth_strategy=default 
Command   open_solution done; 0.14 sec.
Execute   export_design -flow impl -rtl verilog -format ip_catalog 
Execute     source /home/eric/Documents/for_competition/HLS_ACC/CNN_ACC/Rec_Acc/solution1/.autopilot/db/global.setting.tcl 
Execute     source /opt/Xilinx/Vivado/2018.2/common/technology/generic/autopilot/common.gen 
Execute       source /opt/Xilinx/Vivado/2018.2/common/technology/generic/autopilot/APCoreGen.gen 
Execute     source /opt/Xilinx/Vivado/2018.2/common/technology/generic/autopilot/op.gen 
Execute     source /opt/Xilinx/Vivado/2018.2/common/technology/generic/autopilot/op_simcore.gen 
Execute     source /opt/Xilinx/Vivado/2018.2/common/technology/generic/autopilot/interface.gen 
Execute     source /home/eric/Documents/for_competition/HLS_ACC/CNN_ACC/Rec_Acc/solution1/.autopilot/db/global.setting.tcl 
Execute     source /opt/Xilinx/Vivado/2018.2/common/technology/xilinx/artix7/artix7.gen 
Execute       source /opt/Xilinx/Vivado/2018.2/common/technology/xilinx/common/virtex.gen 
Execute         source /opt/Xilinx/Vivado/2018.2/common/technology/xilinx/common/xilinx.gen 
Execute           source /opt/Xilinx/Vivado/2018.2/common/technology/xilinx/interface/plb46.gen 
Execute           source /opt/Xilinx/Vivado/2018.2/common/technology/xilinx/interface/fsl.gen 
Execute           source /opt/Xilinx/Vivado/2018.2/common/technology/xilinx/interface/axi4.gen 
Execute           source /opt/Xilinx/Vivado/2018.2/common/technology/xilinx/interface/nativeAXI4.gen 
Execute             source /opt/Xilinx/Vivado/2018.2/common/technology/xilinx/interface/saxilite.gen 
Execute             source /opt/Xilinx/Vivado/2018.2/common/technology/xilinx/interface/maxi.gen 
Execute           source /opt/Xilinx/Vivado/2018.2/common/technology/xilinx/scripts/xilinxcoregen.gen 
Execute           source /opt/Xilinx/Vivado/2018.2/common/technology/xilinx/interface/XilEDKCoreGen.gen 
Execute           source /opt/Xilinx/Vivado/2018.2/common/technology/xilinx/ip/dds_compiler.gen 
Execute           source /opt/Xilinx/Vivado/2018.2/common/technology/xilinx/ip/util.gen 
Execute           source /opt/Xilinx/Vivado/2018.2/common/technology/xilinx/ip/xfft.gen 
Execute           source /opt/Xilinx/Vivado/2018.2/common/technology/xilinx/ip/xfir.gen 
Execute         source /opt/Xilinx/Vivado/2018.2/common/technology/xilinx/common/dsp48.gen 
Execute     source /opt/Xilinx/Vivado/2018.2/common/technology/xilinx/artix7/artix7_fpv6.gen 
Execute       source /opt/Xilinx/Vivado/2018.2/common/technology/xilinx/common/xilinx_fpv6.gen 
Execute     source /home/eric/Documents/for_competition/HLS_ACC/CNN_ACC/Rec_Acc/solution1/.autopilot/db/global.setting.tcl 
INFO: [IMPL 213-8] Exporting RTL as a Vivado IP.
Execute     source /home/eric/Documents/for_competition/HLS_ACC/CNN_ACC/Rec_Acc/solution1/.autopilot/db/global.setting.tcl 
Execute     get_config_sdx -target 
Execute     source /home/eric/Documents/for_competition/HLS_ACC/CNN_ACC/Rec_Acc/solution1/.autopilot/db/global.setting.tcl 
Execute     source /opt/Xilinx/Vivado/2018.2/common/technology/generic/autopilot/common.gen 
Execute       source /opt/Xilinx/Vivado/2018.2/common/technology/generic/autopilot/APCoreGen.gen 
Execute     source /opt/Xilinx/Vivado/2018.2/common/technology/generic/autopilot/op.gen 
Execute     source /opt/Xilinx/Vivado/2018.2/common/technology/generic/autopilot/op_simcore.gen 
Execute     source /opt/Xilinx/Vivado/2018.2/common/technology/generic/autopilot/interface.gen 
Execute     source /home/eric/Documents/for_competition/HLS_ACC/CNN_ACC/Rec_Acc/solution1/.autopilot/db/global.setting.tcl 
Execute     source /opt/Xilinx/Vivado/2018.2/common/technology/xilinx/artix7/artix7.gen 
Execute       source /opt/Xilinx/Vivado/2018.2/common/technology/xilinx/common/virtex.gen 
Execute         source /opt/Xilinx/Vivado/2018.2/common/technology/xilinx/common/xilinx.gen 
Execute           source /opt/Xilinx/Vivado/2018.2/common/technology/xilinx/interface/plb46.gen 
Execute           source /opt/Xilinx/Vivado/2018.2/common/technology/xilinx/interface/fsl.gen 
Execute           source /opt/Xilinx/Vivado/2018.2/common/technology/xilinx/interface/axi4.gen 
Execute           source /opt/Xilinx/Vivado/2018.2/common/technology/xilinx/interface/nativeAXI4.gen 
Execute             source /opt/Xilinx/Vivado/2018.2/common/technology/xilinx/interface/saxilite.gen 
Execute             source /opt/Xilinx/Vivado/2018.2/common/technology/xilinx/interface/maxi.gen 
Execute           source /opt/Xilinx/Vivado/2018.2/common/technology/xilinx/scripts/xilinxcoregen.gen 
Execute           source /opt/Xilinx/Vivado/2018.2/common/technology/xilinx/interface/XilEDKCoreGen.gen 
Execute           source /opt/Xilinx/Vivado/2018.2/common/technology/xilinx/ip/dds_compiler.gen 
Execute           source /opt/Xilinx/Vivado/2018.2/common/technology/xilinx/ip/util.gen 
Execute           source /opt/Xilinx/Vivado/2018.2/common/technology/xilinx/ip/xfft.gen 
Execute           source /opt/Xilinx/Vivado/2018.2/common/technology/xilinx/ip/xfir.gen 
Execute         source /opt/Xilinx/Vivado/2018.2/common/technology/xilinx/common/dsp48.gen 
Execute     source /opt/Xilinx/Vivado/2018.2/common/technology/xilinx/artix7/artix7_fpv6.gen 
Execute       source /opt/Xilinx/Vivado/2018.2/common/technology/xilinx/common/xilinx_fpv6.gen 
Execute     source /home/eric/Documents/for_competition/HLS_ACC/CNN_ACC/Rec_Acc/solution1/.autopilot/db/lenet5.rtl_wrap.cfg.tcl 
Execute     source /home/eric/Documents/for_competition/HLS_ACC/CNN_ACC/Rec_Acc/solution1/.autopilot/db/lenet5.rtl_wrap.cfg.tcl 
Execute     source /home/eric/Documents/for_competition/HLS_ACC/CNN_ACC/Rec_Acc/solution1/.autopilot/db/lenet5.rtl_wrap.cfg.tcl 
Execute     source /home/eric/Documents/for_competition/HLS_ACC/CNN_ACC/Rec_Acc/solution1/.autopilot/db/lenet5.tbgen.tcl 
Execute     source /home/eric/Documents/for_competition/HLS_ACC/CNN_ACC/Rec_Acc/solution1/.autopilot/db/lenet5.tbgen.tcl 
Execute     source /home/eric/Documents/for_competition/HLS_ACC/CNN_ACC/Rec_Acc/solution1/.autopilot/db/global.setting.tcl 
Execute     source /home/eric/Documents/for_competition/HLS_ACC/CNN_ACC/Rec_Acc/solution1/.autopilot/db/lenet5.compgen.tcl 
Execute     source /home/eric/Documents/for_competition/HLS_ACC/CNN_ACC/Rec_Acc/solution1/.autopilot/db/global.setting.tcl 
Execute     source /home/eric/Documents/for_competition/HLS_ACC/CNN_ACC/Rec_Acc/solution1/.autopilot/db/lenet5.compgen.tcl 
Execute     source /home/eric/Documents/for_competition/HLS_ACC/CNN_ACC/Rec_Acc/solution1/.autopilot/db/global.setting.tcl 
Execute     source /home/eric/Documents/for_competition/HLS_ACC/CNN_ACC/Rec_Acc/solution1/.autopilot/db/lenet5.compgen.tcl 
Execute     source /home/eric/Documents/for_competition/HLS_ACC/CNN_ACC/Rec_Acc/solution1/.autopilot/db/global.setting.tcl 
Execute     source /home/eric/Documents/for_competition/HLS_ACC/CNN_ACC/Rec_Acc/solution1/.autopilot/db/lenet5.constraint.tcl 
Execute     source /home/eric/Documents/for_competition/HLS_ACC/CNN_ACC/Rec_Acc/solution1/.autopilot/db/lenet5.tbgen.tcl 
Execute     source /home/eric/Documents/for_competition/HLS_ACC/CNN_ACC/Rec_Acc/solution1/.autopilot/db/global.setting.tcl 
Execute     source /home/eric/Documents/for_competition/HLS_ACC/CNN_ACC/Rec_Acc/solution1/.autopilot/db/lenet5.tbgen.tcl 
Execute     source /home/eric/Documents/for_competition/HLS_ACC/CNN_ACC/Rec_Acc/solution1/.autopilot/db/global.setting.tcl 
Execute     source /home/eric/Documents/for_competition/HLS_ACC/CNN_ACC/Rec_Acc/solution1/.autopilot/db/global.setting.tcl 
Execute     source /home/eric/Documents/for_competition/HLS_ACC/CNN_ACC/Rec_Acc/solution1/.autopilot/db/lenet5.rtl_wrap.cfg.tcl 
Execute     source /home/eric/Documents/for_competition/HLS_ACC/CNN_ACC/Rec_Acc/solution1/.autopilot/db/lenet5.rtl_wrap.cfg.tcl 
Execute     source /home/eric/Documents/for_competition/HLS_ACC/CNN_ACC/Rec_Acc/solution1/.autopilot/db/lenet5.rtl_wrap.cfg.tcl 
Execute     source /home/eric/Documents/for_competition/HLS_ACC/CNN_ACC/Rec_Acc/solution1/.autopilot/db/lenet5.tbgen.tcl 
Execute     source /home/eric/Documents/for_competition/HLS_ACC/CNN_ACC/Rec_Acc/solution1/.autopilot/db/lenet5.tbgen.tcl 
Execute     source /home/eric/Documents/for_competition/HLS_ACC/CNN_ACC/Rec_Acc/solution1/.autopilot/db/lenet5.tbgen.tcl 
Execute     source /home/eric/Documents/for_competition/HLS_ACC/CNN_ACC/Rec_Acc/solution1/.autopilot/db/lenet5.rtl_wrap.cfg.tcl 
Execute     source /home/eric/Documents/for_competition/HLS_ACC/CNN_ACC/Rec_Acc/solution1/.autopilot/db/lenet5.rtl_wrap.cfg.tcl 
Execute     source /home/eric/Documents/for_competition/HLS_ACC/CNN_ACC/Rec_Acc/solution1/.autopilot/db/lenet5.rtl_wrap.cfg.tcl 
Execute     source /home/eric/Documents/for_competition/HLS_ACC/CNN_ACC/Rec_Acc/solution1/.autopilot/db/lenet5.tbgen.tcl 
Execute     source /home/eric/Documents/for_competition/HLS_ACC/CNN_ACC/Rec_Acc/solution1/.autopilot/db/lenet5.tbgen.tcl 
Execute     source /home/eric/Documents/for_competition/HLS_ACC/CNN_ACC/Rec_Acc/solution1/.autopilot/db/lenet5.tbgen.tcl 
Execute     source /home/eric/Documents/for_competition/HLS_ACC/CNN_ACC/Rec_Acc/solution1/.autopilot/db/global.setting.tcl 
Execute     source /home/eric/Documents/for_competition/HLS_ACC/CNN_ACC/Rec_Acc/solution1/.autopilot/db/lenet5.constraint.tcl 
Execute     source /home/eric/Documents/for_competition/HLS_ACC/CNN_ACC/Rec_Acc/solution1/.autopilot/db/global.setting.tcl 
Execute     source /home/eric/Documents/for_competition/HLS_ACC/CNN_ACC/Rec_Acc/solution1/.autopilot/db/global.setting.tcl 
Execute     source /home/eric/Documents/for_competition/HLS_ACC/CNN_ACC/Rec_Acc/solution1/.autopilot/db/lenet5.constraint.tcl 
Execute     source /home/eric/Documents/for_competition/HLS_ACC/CNN_ACC/Rec_Acc/solution1/.autopilot/db/lenet5.tbgen.tcl 
Execute     source /home/eric/Documents/for_competition/HLS_ACC/CNN_ACC/Rec_Acc/solution1/.autopilot/db/global.setting.tcl 
Execute     source /home/eric/Documents/for_competition/HLS_ACC/CNN_ACC/Rec_Acc/solution1/.autopilot/db/lenet5.constraint.tcl 
Execute     source /home/eric/Documents/for_competition/HLS_ACC/CNN_ACC/Rec_Acc/solution1/.autopilot/db/lenet5.tbgen.tcl 
Execute     source /home/eric/Documents/for_competition/HLS_ACC/CNN_ACC/Rec_Acc/solution1/.autopilot/db/global.setting.tcl 
Execute     source /opt/Xilinx/Vivado/2018.2/common/technology/generic/autopilot/common.gen 
Execute       source /opt/Xilinx/Vivado/2018.2/common/technology/generic/autopilot/APCoreGen.gen 
Execute     source /opt/Xilinx/Vivado/2018.2/common/technology/generic/autopilot/op.gen 
Execute     source /opt/Xilinx/Vivado/2018.2/common/technology/generic/autopilot/op_simcore.gen 
Execute     source /opt/Xilinx/Vivado/2018.2/common/technology/generic/autopilot/interface.gen 
Execute     source /home/eric/Documents/for_competition/HLS_ACC/CNN_ACC/Rec_Acc/solution1/.autopilot/db/global.setting.tcl 
Execute     source /opt/Xilinx/Vivado/2018.2/common/technology/xilinx/artix7/artix7.gen 
Execute       source /opt/Xilinx/Vivado/2018.2/common/technology/xilinx/common/virtex.gen 
Execute         source /opt/Xilinx/Vivado/2018.2/common/technology/xilinx/common/xilinx.gen 
Execute           source /opt/Xilinx/Vivado/2018.2/common/technology/xilinx/interface/plb46.gen 
Execute           source /opt/Xilinx/Vivado/2018.2/common/technology/xilinx/interface/fsl.gen 
Execute           source /opt/Xilinx/Vivado/2018.2/common/technology/xilinx/interface/axi4.gen 
Execute           source /opt/Xilinx/Vivado/2018.2/common/technology/xilinx/interface/nativeAXI4.gen 
Execute             source /opt/Xilinx/Vivado/2018.2/common/technology/xilinx/interface/saxilite.gen 
Execute             source /opt/Xilinx/Vivado/2018.2/common/technology/xilinx/interface/maxi.gen 
Execute           source /opt/Xilinx/Vivado/2018.2/common/technology/xilinx/scripts/xilinxcoregen.gen 
Execute           source /opt/Xilinx/Vivado/2018.2/common/technology/xilinx/interface/XilEDKCoreGen.gen 
Execute           source /opt/Xilinx/Vivado/2018.2/common/technology/xilinx/ip/dds_compiler.gen 
Execute           source /opt/Xilinx/Vivado/2018.2/common/technology/xilinx/ip/util.gen 
Execute           source /opt/Xilinx/Vivado/2018.2/common/technology/xilinx/ip/xfft.gen 
Execute           source /opt/Xilinx/Vivado/2018.2/common/technology/xilinx/ip/xfir.gen 
Execute         source /opt/Xilinx/Vivado/2018.2/common/technology/xilinx/common/dsp48.gen 
Execute     source /opt/Xilinx/Vivado/2018.2/common/technology/xilinx/artix7/artix7_fpv6.gen 
Execute       source /opt/Xilinx/Vivado/2018.2/common/technology/xilinx/common/xilinx_fpv6.gen 
Execute     source /home/eric/Documents/for_competition/HLS_ACC/CNN_ACC/Rec_Acc/solution1/.autopilot/db/global.setting.tcl 
Execute     source /opt/Xilinx/Vivado/2018.2/common/technology/generic/autopilot/common.gen 
Execute       source /opt/Xilinx/Vivado/2018.2/common/technology/generic/autopilot/APCoreGen.gen 
Execute     source /opt/Xilinx/Vivado/2018.2/common/technology/generic/autopilot/op.gen 
Execute     source /opt/Xilinx/Vivado/2018.2/common/technology/generic/autopilot/op_simcore.gen 
Execute     source /opt/Xilinx/Vivado/2018.2/common/technology/generic/autopilot/interface.gen 
Execute     source /home/eric/Documents/for_competition/HLS_ACC/CNN_ACC/Rec_Acc/solution1/.autopilot/db/global.setting.tcl 
Execute     source /opt/Xilinx/Vivado/2018.2/common/technology/xilinx/artix7/artix7.gen 
Execute       source /opt/Xilinx/Vivado/2018.2/common/technology/xilinx/common/virtex.gen 
Execute         source /opt/Xilinx/Vivado/2018.2/common/technology/xilinx/common/xilinx.gen 
Execute           source /opt/Xilinx/Vivado/2018.2/common/technology/xilinx/interface/plb46.gen 
Execute           source /opt/Xilinx/Vivado/2018.2/common/technology/xilinx/interface/fsl.gen 
Execute           source /opt/Xilinx/Vivado/2018.2/common/technology/xilinx/interface/axi4.gen 
Execute           source /opt/Xilinx/Vivado/2018.2/common/technology/xilinx/interface/nativeAXI4.gen 
Execute             source /opt/Xilinx/Vivado/2018.2/common/technology/xilinx/interface/saxilite.gen 
Execute             source /opt/Xilinx/Vivado/2018.2/common/technology/xilinx/interface/maxi.gen 
Execute           source /opt/Xilinx/Vivado/2018.2/common/technology/xilinx/scripts/xilinxcoregen.gen 
Execute           source /opt/Xilinx/Vivado/2018.2/common/technology/xilinx/interface/XilEDKCoreGen.gen 
Execute           source /opt/Xilinx/Vivado/2018.2/common/technology/xilinx/ip/dds_compiler.gen 
Execute           source /opt/Xilinx/Vivado/2018.2/common/technology/xilinx/ip/util.gen 
Execute           source /opt/Xilinx/Vivado/2018.2/common/technology/xilinx/ip/xfft.gen 
Execute           source /opt/Xilinx/Vivado/2018.2/common/technology/xilinx/ip/xfir.gen 
Execute         source /opt/Xilinx/Vivado/2018.2/common/technology/xilinx/common/dsp48.gen 
Execute     source /opt/Xilinx/Vivado/2018.2/common/technology/xilinx/artix7/artix7_fpv6.gen 
Execute       source /opt/Xilinx/Vivado/2018.2/common/technology/xilinx/common/xilinx_fpv6.gen 
Execute     source /home/eric/Documents/for_competition/HLS_ACC/CNN_ACC/Rec_Acc/solution1/.autopilot/db/global.setting.tcl 
Execute     source /home/eric/Documents/for_competition/HLS_ACC/CNN_ACC/Rec_Acc/solution1/.autopilot/db/global.setting.tcl 
Execute     get_config_sdx -target 
Execute     source /home/eric/Documents/for_competition/HLS_ACC/CNN_ACC/Rec_Acc/solution1/.autopilot/db/global.setting.tcl 
Execute     source /opt/Xilinx/Vivado/2018.2/common/technology/generic/autopilot/common.gen 
Execute       source /opt/Xilinx/Vivado/2018.2/common/technology/generic/autopilot/APCoreGen.gen 
Execute     source /opt/Xilinx/Vivado/2018.2/common/technology/generic/autopilot/op.gen 
Execute     source /opt/Xilinx/Vivado/2018.2/common/technology/generic/autopilot/op_simcore.gen 
Execute     source /opt/Xilinx/Vivado/2018.2/common/technology/generic/autopilot/interface.gen 
Execute     source /home/eric/Documents/for_competition/HLS_ACC/CNN_ACC/Rec_Acc/solution1/.autopilot/db/global.setting.tcl 
Execute     source /opt/Xilinx/Vivado/2018.2/common/technology/xilinx/artix7/artix7.gen 
Execute       source /opt/Xilinx/Vivado/2018.2/common/technology/xilinx/common/virtex.gen 
Execute         source /opt/Xilinx/Vivado/2018.2/common/technology/xilinx/common/xilinx.gen 
Execute           source /opt/Xilinx/Vivado/2018.2/common/technology/xilinx/interface/plb46.gen 
Execute           source /opt/Xilinx/Vivado/2018.2/common/technology/xilinx/interface/fsl.gen 
Execute           source /opt/Xilinx/Vivado/2018.2/common/technology/xilinx/interface/axi4.gen 
Execute           source /opt/Xilinx/Vivado/2018.2/common/technology/xilinx/interface/nativeAXI4.gen 
Execute             source /opt/Xilinx/Vivado/2018.2/common/technology/xilinx/interface/saxilite.gen 
Execute             source /opt/Xilinx/Vivado/2018.2/common/technology/xilinx/interface/maxi.gen 
Execute           source /opt/Xilinx/Vivado/2018.2/common/technology/xilinx/scripts/xilinxcoregen.gen 
Execute           source /opt/Xilinx/Vivado/2018.2/common/technology/xilinx/interface/XilEDKCoreGen.gen 
Execute           source /opt/Xilinx/Vivado/2018.2/common/technology/xilinx/ip/dds_compiler.gen 
Execute           source /opt/Xilinx/Vivado/2018.2/common/technology/xilinx/ip/util.gen 
Execute           source /opt/Xilinx/Vivado/2018.2/common/technology/xilinx/ip/xfft.gen 
Execute           source /opt/Xilinx/Vivado/2018.2/common/technology/xilinx/ip/xfir.gen 
Execute         source /opt/Xilinx/Vivado/2018.2/common/technology/xilinx/common/dsp48.gen 
Execute     source /opt/Xilinx/Vivado/2018.2/common/technology/xilinx/artix7/artix7_fpv6.gen 
Execute       source /opt/Xilinx/Vivado/2018.2/common/technology/xilinx/common/xilinx_fpv6.gen 
Execute     source /home/eric/Documents/for_competition/HLS_ACC/CNN_ACC/Rec_Acc/solution1/.autopilot/db/global.setting.tcl 
Execute     source /home/eric/Documents/for_competition/HLS_ACC/CNN_ACC/Rec_Acc/solution1/.autopilot/db/lenet5.compgen.tcl 
Execute     source /home/eric/Documents/for_competition/HLS_ACC/CNN_ACC/Rec_Acc/solution1/.autopilot/db/global.setting.tcl 
Execute     source /home/eric/Documents/for_competition/HLS_ACC/CNN_ACC/Rec_Acc/solution1/.autopilot/db/lenet5.constraint.tcl 
Execute     source /home/eric/Documents/for_competition/HLS_ACC/CNN_ACC/Rec_Acc/solution1/.autopilot/db/lenet5.tbgen.tcl 
Execute     source /home/eric/Documents/for_competition/HLS_ACC/CNN_ACC/Rec_Acc/solution1/.autopilot/db/global.setting.tcl 
Execute     source /opt/Xilinx/Vivado/2018.2/common/technology/generic/autopilot/common.gen 
Execute       source /opt/Xilinx/Vivado/2018.2/common/technology/generic/autopilot/APCoreGen.gen 
Execute     source /opt/Xilinx/Vivado/2018.2/common/technology/generic/autopilot/op.gen 
Execute     source /opt/Xilinx/Vivado/2018.2/common/technology/generic/autopilot/op_simcore.gen 
Execute     source /opt/Xilinx/Vivado/2018.2/common/technology/generic/autopilot/interface.gen 
Execute     source /home/eric/Documents/for_competition/HLS_ACC/CNN_ACC/Rec_Acc/solution1/.autopilot/db/global.setting.tcl 
Execute     source /opt/Xilinx/Vivado/2018.2/common/technology/xilinx/artix7/artix7.gen 
Execute       source /opt/Xilinx/Vivado/2018.2/common/technology/xilinx/common/virtex.gen 
Execute         source /opt/Xilinx/Vivado/2018.2/common/technology/xilinx/common/xilinx.gen 
Execute           source /opt/Xilinx/Vivado/2018.2/common/technology/xilinx/interface/plb46.gen 
Execute           source /opt/Xilinx/Vivado/2018.2/common/technology/xilinx/interface/fsl.gen 
Execute           source /opt/Xilinx/Vivado/2018.2/common/technology/xilinx/interface/axi4.gen 
Execute           source /opt/Xilinx/Vivado/2018.2/common/technology/xilinx/interface/nativeAXI4.gen 
Execute             source /opt/Xilinx/Vivado/2018.2/common/technology/xilinx/interface/saxilite.gen 
Execute             source /opt/Xilinx/Vivado/2018.2/common/technology/xilinx/interface/maxi.gen 
Execute           source /opt/Xilinx/Vivado/2018.2/common/technology/xilinx/scripts/xilinxcoregen.gen 
Execute           source /opt/Xilinx/Vivado/2018.2/common/technology/xilinx/interface/XilEDKCoreGen.gen 
Execute           source /opt/Xilinx/Vivado/2018.2/common/technology/xilinx/ip/dds_compiler.gen 
Execute           source /opt/Xilinx/Vivado/2018.2/common/technology/xilinx/ip/util.gen 
Execute           source /opt/Xilinx/Vivado/2018.2/common/technology/xilinx/ip/xfft.gen 
Execute           source /opt/Xilinx/Vivado/2018.2/common/technology/xilinx/ip/xfir.gen 
Execute         source /opt/Xilinx/Vivado/2018.2/common/technology/xilinx/common/dsp48.gen 
Execute     source /opt/Xilinx/Vivado/2018.2/common/technology/xilinx/artix7/artix7_fpv6.gen 
Execute       source /opt/Xilinx/Vivado/2018.2/common/technology/xilinx/common/xilinx_fpv6.gen 
Execute     get_config_rtl -vivado_synth_design_args 
Execute     source /home/eric/Documents/for_competition/HLS_ACC/CNN_ACC/Rec_Acc/solution1/.autopilot/db/global.setting.tcl 
Execute     get_config_rtl -vivado_synth_strategy 
Execute     get_config_rtl -vivado_synth_strategy 
Execute     get_config_rtl -vivado_phys_opt 
Command   export_design done; 145.91 sec.
Command ap_source done; 146.05 sec.
Execute cleanup_all 
